  [1m[35m (1156.2ms)[0m  [1m[35mCREATE TABLE "schema_migrations" ("version" character varying NOT NULL PRIMARY KEY)[0m
  [1m[35m (94.8ms)[0m  [1m[35mCREATE TABLE "ar_internal_metadata" ("key" character varying NOT NULL PRIMARY KEY, "value" character varying, "created_at" timestamp NOT NULL, "updated_at" timestamp NOT NULL)[0m
  [1m[35m (0.7ms)[0m  [1m[34mSELECT pg_try_advisory_lock(6417508730981339565)[0m
  [1m[35m (1.2ms)[0m  [1m[34mSELECT "schema_migrations"."version" FROM "schema_migrations" ORDER BY "schema_migrations"."version" ASC[0m
  [1m[36mActiveRecord::InternalMetadata Load (0.4ms)[0m  [1m[34mSELECT  "ar_internal_metadata".* FROM "ar_internal_metadata" WHERE "ar_internal_metadata"."key" = $1 LIMIT $2[0m  [["key", "environment"], ["LIMIT", 1]]
  [1m[35m (0.1ms)[0m  [1m[35mBEGIN[0m
  [1m[35mSQL (0.4ms)[0m  [1m[32mINSERT INTO "ar_internal_metadata" ("key", "value", "created_at", "updated_at") VALUES ($1, $2, $3, $4) RETURNING "key"[0m  [["key", "environment"], ["value", "development"], ["created_at", "2017-11-26 19:18:10.596752"], ["updated_at", "2017-11-26 19:18:10.596752"]]
  [1m[35m (12.8ms)[0m  [1m[35mCOMMIT[0m
  [1m[35m (0.4ms)[0m  [1m[34mSELECT pg_advisory_unlock(6417508730981339565)[0m
  [1m[35m (0.2ms)[0m  [1m[34mSELECT "schema_migrations"."version" FROM "schema_migrations" ORDER BY "schema_migrations"."version" ASC[0m
  [1m[35m (0.4ms)[0m  [1m[34mSELECT "schema_migrations"."version" FROM "schema_migrations" ORDER BY "schema_migrations"."version" ASC[0m
  [1m[35m (0.1ms)[0m  [1m[34mSELECT "schema_migrations"."version" FROM "schema_migrations" ORDER BY "schema_migrations"."version" ASC[0m
  [1m[35mSQL (0.2ms)[0m  [1m[35mCREATE EXTENSION IF NOT EXISTS "plpgsql"[0m
  [1m[35m (0.3ms)[0m  [1m[34mSELECT "schema_migrations"."version" FROM "schema_migrations" ORDER BY "schema_migrations"."version" ASC[0m
  [1m[35m (14.1ms)[0m  [1m[32mINSERT INTO "schema_migrations" (version) VALUES (0)[0m
  [1m[36mActiveRecord::InternalMetadata Load (0.3ms)[0m  [1m[34mSELECT  "ar_internal_metadata".* FROM "ar_internal_metadata" WHERE "ar_internal_metadata"."key" = $1 LIMIT $2[0m  [["key", "environment"], ["LIMIT", 1]]
  [1m[35m (0.1ms)[0m  [1m[35mBEGIN[0m
  [1m[35m (0.1ms)[0m  [1m[35mCOMMIT[0m
  [1m[36mActiveRecord::InternalMetadata Load (0.1ms)[0m  [1m[34mSELECT  "ar_internal_metadata".* FROM "ar_internal_metadata" WHERE "ar_internal_metadata"."key" = $1 LIMIT $2[0m  [["key", "environment"], ["LIMIT", 1]]
  [1m[35m (0.1ms)[0m  [1m[35mBEGIN[0m
  [1m[35m (0.1ms)[0m  [1m[35mCOMMIT[0m
  [1m[35mSQL (0.3ms)[0m  [1m[35mCREATE EXTENSION IF NOT EXISTS "plpgsql"[0m
  [1m[35m (94.5ms)[0m  [1m[35mCREATE TABLE "schema_migrations" ("version" character varying NOT NULL PRIMARY KEY)[0m
  [1m[35m (1.8ms)[0m  [1m[34mSELECT "schema_migrations"."version" FROM "schema_migrations" ORDER BY "schema_migrations"."version" ASC[0m
  [1m[35m (12.1ms)[0m  [1m[32mINSERT INTO "schema_migrations" (version) VALUES (0)[0m
  [1m[35m (82.6ms)[0m  [1m[35mCREATE TABLE "ar_internal_metadata" ("key" character varying NOT NULL PRIMARY KEY, "value" character varying, "created_at" timestamp NOT NULL, "updated_at" timestamp NOT NULL)[0m
  [1m[36mActiveRecord::InternalMetadata Load (0.8ms)[0m  [1m[34mSELECT  "ar_internal_metadata".* FROM "ar_internal_metadata" WHERE "ar_internal_metadata"."key" = $1 LIMIT $2[0m  [["key", "environment"], ["LIMIT", 1]]
  [1m[35m (0.3ms)[0m  [1m[35mBEGIN[0m
  [1m[35mSQL (1.0ms)[0m  [1m[32mINSERT INTO "ar_internal_metadata" ("key", "value", "created_at", "updated_at") VALUES ($1, $2, $3, $4) RETURNING "key"[0m  [["key", "environment"], ["value", "development"], ["created_at", "2017-11-26 19:18:15.085049"], ["updated_at", "2017-11-26 19:18:15.085049"]]
  [1m[35m (15.5ms)[0m  [1m[35mCOMMIT[0m
  [1m[36mActiveRecord::InternalMetadata Load (0.6ms)[0m  [1m[34mSELECT  "ar_internal_metadata".* FROM "ar_internal_metadata" WHERE "ar_internal_metadata"."key" = $1 LIMIT $2[0m  [["key", "environment"], ["LIMIT", 1]]
  [1m[35m (0.3ms)[0m  [1m[35mBEGIN[0m
  [1m[35m (0.3ms)[0m  [1m[35mCOMMIT[0m
  [1m[35m (1.3ms)[0m  [1m[34mSELECT "schema_migrations"."version" FROM "schema_migrations" ORDER BY "schema_migrations"."version" ASC[0m
  [1m[35m (0.2ms)[0m  [1m[34mSELECT pg_try_advisory_lock(6417508730981339565)[0m
  [1m[35m (0.3ms)[0m  [1m[34mSELECT "schema_migrations"."version" FROM "schema_migrations" ORDER BY "schema_migrations"."version" ASC[0m
Migrating to CreateUsers (20171126194504)
  [1m[35m (0.1ms)[0m  [1m[35mBEGIN[0m
  [1m[35m (195.5ms)[0m  [1m[35mCREATE TABLE "users" ("id" bigserial primary key, "first_name" character varying, "last_name" character varying, "date_of_birth" date, "username" character varying, "email" character varying, "created_at" timestamp NOT NULL, "updated_at" timestamp NOT NULL)[0m
  [1m[35m (38.5ms)[0m  [1m[35mCREATE UNIQUE INDEX  "index_users_on_username" ON "users"  ("username")[0m
  [1m[35mSQL (0.8ms)[0m  [1m[32mINSERT INTO "schema_migrations" ("version") VALUES ($1) RETURNING "version"[0m  [["version", "20171126194504"]]
  [1m[35m (18.3ms)[0m  [1m[35mCOMMIT[0m
  [1m[36mActiveRecord::InternalMetadata Load (0.8ms)[0m  [1m[34mSELECT  "ar_internal_metadata".* FROM "ar_internal_metadata" WHERE "ar_internal_metadata"."key" = $1 LIMIT $2[0m  [["key", "environment"], ["LIMIT", 1]]
  [1m[35m (0.3ms)[0m  [1m[35mBEGIN[0m
  [1m[35m (0.3ms)[0m  [1m[35mCOMMIT[0m
  [1m[35m (0.5ms)[0m  [1m[34mSELECT pg_advisory_unlock(6417508730981339565)[0m
  [1m[35m (0.3ms)[0m  [1m[34mSELECT "schema_migrations"."version" FROM "schema_migrations" ORDER BY "schema_migrations"."version" ASC[0m
  [1m[35m (0.2ms)[0m  [1m[35mBEGIN[0m
  [1m[35mSQL (0.6ms)[0m  [1m[32mINSERT INTO "users" ("first_name", "username", "created_at", "updated_at") VALUES ($1, $2, $3, $4) RETURNING "id"[0m  [["first_name", "Hazem"], ["username", "hazefully"], ["created_at", "2017-11-26 20:09:13.368179"], ["updated_at", "2017-11-26 20:09:13.368179"]]
  [1m[35m (18.5ms)[0m  [1m[35mCOMMIT[0m
  [1m[35m (0.3ms)[0m  [1m[35mBEGIN[0m
  [1m[35mSQL (1.2ms)[0m  [1m[32mINSERT INTO "users" ("first_name", "username", "created_at", "updated_at") VALUES ($1, $2, $3, $4) RETURNING "id"[0m  [["first_name", "Hazem"], ["username", "hazefully"], ["created_at", "2017-11-26 20:40:26.629754"], ["updated_at", "2017-11-26 20:40:26.629754"]]
  [1m[35m (0.4ms)[0m  [1m[31mROLLBACK[0m
  [1m[35m (0.4ms)[0m  [1m[35mBEGIN[0m
  [1m[35mSQL (1.0ms)[0m  [1m[32mINSERT INTO "users" ("first_name", "created_at", "updated_at") VALUES ($1, $2, $3) RETURNING "id"[0m  [["first_name", "Hazem"], ["created_at", "2017-11-26 20:40:33.173842"], ["updated_at", "2017-11-26 20:40:33.173842"]]
  [1m[35m (32.3ms)[0m  [1m[35mCOMMIT[0m
  [1m[35m (0.5ms)[0m  [1m[35mBEGIN[0m
  [1m[35mSQL (0.4ms)[0m  [1m[32mINSERT INTO "users" ("first_name", "created_at", "updated_at") VALUES ($1, $2, $3) RETURNING "id"[0m  [["first_name", "Hazem"], ["created_at", "2017-11-26 20:40:40.577670"], ["updated_at", "2017-11-26 20:40:40.577670"]]
  [1m[35m (115.7ms)[0m  [1m[35mCOMMIT[0m
  [1m[35m (0.2ms)[0m  [1m[35mBEGIN[0m
  [1m[35mSQL (0.4ms)[0m  [1m[32mINSERT INTO "users" ("created_at", "updated_at") VALUES ($1, $2) RETURNING "id"[0m  [["created_at", "2017-11-26 20:42:45.519350"], ["updated_at", "2017-11-26 20:42:45.519350"]]
  [1m[35m (389.1ms)[0m  [1m[35mCOMMIT[0m
  [1m[35m (0.6ms)[0m  [1m[35mBEGIN[0m
  [1m[35mSQL (1.1ms)[0m  [1m[32mINSERT INTO "users" ("created_at", "updated_at") VALUES ($1, $2) RETURNING "id"[0m  [["created_at", "2017-11-26 20:43:21.927959"], ["updated_at", "2017-11-26 20:43:21.927959"]]
  [1m[35m (21.9ms)[0m  [1m[35mCOMMIT[0m
  [1m[35m (0.6ms)[0m  [1m[35mBEGIN[0m
  [1m[35m (0.6ms)[0m  [1m[35mCOMMIT[0m
  [1m[35m (0.4ms)[0m  [1m[35mBEGIN[0m
  [1m[35m (0.5ms)[0m  [1m[35mCOMMIT[0m
  [1m[35m (0.5ms)[0m  [1m[35mBEGIN[0m
  [1m[35mSQL (1.2ms)[0m  [1m[32mINSERT INTO "users" ("created_at", "updated_at") VALUES ($1, $2) RETURNING "id"[0m  [["created_at", "2017-11-26 20:44:27.130244"], ["updated_at", "2017-11-26 20:44:27.130244"]]
  [1m[35m (17.0ms)[0m  [1m[35mCOMMIT[0m
  [1m[35m (0.2ms)[0m  [1m[35mBEGIN[0m
  [1m[35m (0.6ms)[0m  [1m[31mROLLBACK[0m
  [1m[35m (0.7ms)[0m  [1m[34mSELECT pg_try_advisory_lock(6417508730981339565)[0m
  [1m[35m (23.3ms)[0m  [1m[34mSELECT "schema_migrations"."version" FROM "schema_migrations" ORDER BY "schema_migrations"."version" ASC[0m
Migrating to CreateMovies (20171201145637)
  [1m[35m (0.5ms)[0m  [1m[35mBEGIN[0m
  [1m[35m (0.3ms)[0m  [1m[31mROLLBACK[0m
  [1m[35m (0.6ms)[0m  [1m[34mSELECT pg_advisory_unlock(6417508730981339565)[0m
  [1m[35m (0.2ms)[0m  [1m[34mSELECT pg_try_advisory_lock(6417508730981339565)[0m
  [1m[35m (0.4ms)[0m  [1m[34mSELECT "schema_migrations"."version" FROM "schema_migrations" ORDER BY "schema_migrations"."version" ASC[0m
Migrating to CreateMovies (20171201145637)
  [1m[35m (0.1ms)[0m  [1m[35mBEGIN[0m
  [1m[35m (946.3ms)[0m  [1m[35mCREATE TABLE "movies" ("id" bigserial primary key, "imdb_id" character varying, "title" character varying, "language" character varying, "adult" boolean, "release_date" timestamp, "popularity" decimal, "average_rating" decimal, "votes" integer, "production_company_id" bigint, "created_at" timestamp NOT NULL, "updated_at" timestamp NOT NULL)[0m
  [1m[35m (519.1ms)[0m  [1m[35mCREATE  INDEX  "index_movies_on_production_company_id" ON "movies"  ("production_company_id")[0m
  [1m[35mSQL (0.2ms)[0m  [1m[32mINSERT INTO "schema_migrations" ("version") VALUES ($1) RETURNING "version"[0m  [["version", "20171201145637"]]
  [1m[35m (62.8ms)[0m  [1m[35mCOMMIT[0m
Migrating to CreateProductionCompanies (20171201151812)
  [1m[35m (0.6ms)[0m  [1m[35mBEGIN[0m
  [1m[35m (308.1ms)[0m  [1m[35mCREATE TABLE "production_companies" ("id" bigserial primary key, "company_name" character varying, "description" text, "headquarters" character varying, "created_at" timestamp NOT NULL, "updated_at" timestamp NOT NULL)[0m
  [1m[35mSQL (0.9ms)[0m  [1m[32mINSERT INTO "schema_migrations" ("version") VALUES ($1) RETURNING "version"[0m  [["version", "20171201151812"]]
  [1m[35m (160.3ms)[0m  [1m[35mCOMMIT[0m
Migrating to CreateGenres (20171201152303)
  [1m[35m (0.7ms)[0m  [1m[35mBEGIN[0m
  [1m[35m (382.1ms)[0m  [1m[35mCREATE TABLE "genres" ("id" bigserial primary key, "name" character varying, "created_at" timestamp NOT NULL, "updated_at" timestamp NOT NULL)[0m
  [1m[35mSQL (1.0ms)[0m  [1m[32mINSERT INTO "schema_migrations" ("version") VALUES ($1) RETURNING "version"[0m  [["version", "20171201152303"]]
  [1m[35m (67.5ms)[0m  [1m[35mCOMMIT[0m
Migrating to CreateCastMembers (20171201152644)
  [1m[35m (0.5ms)[0m  [1m[35mBEGIN[0m
  [1m[35m (254.3ms)[0m  [1m[35mCREATE TABLE "cast_members" ("id" bigserial primary key, "first_name" character varying, "last_name" character varying, "age" integer, "popularity" decimal, "date_of_birth" timestamp, "date_of_death" timestamp, "biography" text, "created_at" timestamp NOT NULL, "updated_at" timestamp NOT NULL)[0m
  [1m[35mSQL (1.0ms)[0m  [1m[32mINSERT INTO "schema_migrations" ("version") VALUES ($1) RETURNING "version"[0m  [["version", "20171201152644"]]
  [1m[35m (76.9ms)[0m  [1m[35mCOMMIT[0m
Migrating to CreateAwards (20171201154331)
  [1m[35m (0.6ms)[0m  [1m[35mBEGIN[0m
  [1m[35m (144.2ms)[0m  [1m[35mCREATE TABLE "awards" ("id" bigserial primary key, "name" character varying, "description" text, "year" integer, "created_at" timestamp NOT NULL, "updated_at" timestamp NOT NULL)[0m
  [1m[35mSQL (0.9ms)[0m  [1m[32mINSERT INTO "schema_migrations" ("version") VALUES ($1) RETURNING "version"[0m  [["version", "20171201154331"]]
  [1m[35m (28.3ms)[0m  [1m[35mCOMMIT[0m
Migrating to CreateJobs (20171201155350)
  [1m[35m (1.0ms)[0m  [1m[35mBEGIN[0m
  [1m[35m (196.9ms)[0m  [1m[35mCREATE TABLE "jobs" ("id" bigserial primary key, "name" character varying, "description" text, "created_at" timestamp NOT NULL, "updated_at" timestamp NOT NULL)[0m
  [1m[35mSQL (0.9ms)[0m  [1m[32mINSERT INTO "schema_migrations" ("version") VALUES ($1) RETURNING "version"[0m  [["version", "20171201155350"]]
  [1m[35m (148.5ms)[0m  [1m[35mCOMMIT[0m
Migrating to CreateTags (20171201155641)
  [1m[35m (0.3ms)[0m  [1m[35mBEGIN[0m
  [1m[35m (401.8ms)[0m  [1m[35mCREATE TABLE "tags" ("id" bigserial primary key, "name" character varying, "created_at" timestamp NOT NULL, "updated_at" timestamp NOT NULL)[0m
  [1m[35mSQL (1.0ms)[0m  [1m[32mINSERT INTO "schema_migrations" ("version") VALUES ($1) RETURNING "version"[0m  [["version", "20171201155641"]]
  [1m[35m (10.5ms)[0m  [1m[35mCOMMIT[0m
Migrating to CreateMoviesTagsJoinTable (20171201160915)
  [1m[35m (0.6ms)[0m  [1m[35mBEGIN[0m
  [1m[35m (2.7ms)[0m  [1m[35mCREATE TABLE "movies_tags" ("movie_id" bigint NOT NULL, "tag_id" bigint NOT NULL)[0m
  [1m[35m (111.2ms)[0m  [1m[35mCREATE  INDEX  "index_movies_tags_on_movie_id" ON "movies_tags"  ("movie_id")[0m
  [1m[35m (66.7ms)[0m  [1m[35mCREATE  INDEX  "index_movies_tags_on_tag_id" ON "movies_tags"  ("tag_id")[0m
  [1m[35mSQL (1.1ms)[0m  [1m[32mINSERT INTO "schema_migrations" ("version") VALUES ($1) RETURNING "version"[0m  [["version", "20171201160915"]]
  [1m[35m (12.0ms)[0m  [1m[35mCOMMIT[0m
Migrating to CreateMovieCasts (20171201161713)
  [1m[35m (0.7ms)[0m  [1m[35mBEGIN[0m
  [1m[35m (337.0ms)[0m  [1m[35mCREATE TABLE "movie_casts" ("id" bigserial primary key, "movie_id" bigint, "cast_member_id" bigint, "job_id" bigint, "role" character varying, "created_at" timestamp NOT NULL, "updated_at" timestamp NOT NULL)[0m
  [1m[35m (128.0ms)[0m  [1m[35mCREATE  INDEX  "index_movie_casts_on_movie_id" ON "movie_casts"  ("movie_id")[0m
  [1m[35m (261.1ms)[0m  [1m[35mCREATE  INDEX  "index_movie_casts_on_cast_member_id" ON "movie_casts"  ("cast_member_id")[0m
  [1m[35m (118.2ms)[0m  [1m[35mCREATE  INDEX  "index_movie_casts_on_job_id" ON "movie_casts"  ("job_id")[0m
  [1m[35mSQL (0.9ms)[0m  [1m[32mINSERT INTO "schema_migrations" ("version") VALUES ($1) RETURNING "version"[0m  [["version", "20171201161713"]]
  [1m[35m (21.3ms)[0m  [1m[35mCOMMIT[0m
Migrating to CreateMoviesGenresJoinTable (20171201162218)
  [1m[35m (0.7ms)[0m  [1m[35mBEGIN[0m
  [1m[35m (1.7ms)[0m  [1m[35mCREATE TABLE "genres_movies" ("movie_id" bigint NOT NULL, "genre_id" bigint NOT NULL)[0m
  [1m[35m (68.5ms)[0m  [1m[35mCREATE  INDEX  "index_genres_movies_on_movie_id" ON "genres_movies"  ("movie_id")[0m
  [1m[35m (267.6ms)[0m  [1m[35mCREATE  INDEX  "index_genres_movies_on_genre_id" ON "genres_movies"  ("genre_id")[0m
  [1m[35mSQL (1.1ms)[0m  [1m[32mINSERT INTO "schema_migrations" ("version") VALUES ($1) RETURNING "version"[0m  [["version", "20171201162218"]]
  [1m[35m (66.3ms)[0m  [1m[35mCOMMIT[0m
Migrating to CreateMoviesCastAwardsJoinTable (20171201163145)
  [1m[35m (0.6ms)[0m  [1m[35mBEGIN[0m
  [1m[35m (2.0ms)[0m  [1m[35mCREATE TABLE "awards_winners" ("movie_cast_id" bigint NOT NULL, "award_id" bigint NOT NULL)[0m
  [1m[35m (163.6ms)[0m  [1m[35mCREATE  INDEX  "index_awards_winners_on_movie_cast_id" ON "awards_winners"  ("movie_cast_id")[0m
  [1m[35m (509.8ms)[0m  [1m[35mCREATE  INDEX  "index_awards_winners_on_award_id" ON "awards_winners"  ("award_id")[0m
  [1m[35mSQL (0.5ms)[0m  [1m[32mINSERT INTO "schema_migrations" ("version") VALUES ($1) RETURNING "version"[0m  [["version", "20171201163145"]]
  [1m[35m (68.2ms)[0m  [1m[35mCOMMIT[0m
  [1m[36mActiveRecord::InternalMetadata Load (43.1ms)[0m  [1m[34mSELECT  "ar_internal_metadata".* FROM "ar_internal_metadata" WHERE "ar_internal_metadata"."key" = $1 LIMIT $2[0m  [["key", "environment"], ["LIMIT", 1]]
  [1m[35m (0.2ms)[0m  [1m[35mBEGIN[0m
  [1m[35m (0.2ms)[0m  [1m[35mCOMMIT[0m
  [1m[35m (0.3ms)[0m  [1m[34mSELECT pg_advisory_unlock(6417508730981339565)[0m
  [1m[35m (0.2ms)[0m  [1m[34mSELECT "schema_migrations"."version" FROM "schema_migrations" ORDER BY "schema_migrations"."version" ASC[0m
Started GET "/api/movies" for 127.0.0.1 at 2017-12-06 18:10:55 +0200
  [1m[35m (54.4ms)[0m  [1m[34mSELECT "schema_migrations"."version" FROM "schema_migrations" ORDER BY "schema_migrations"."version" ASC[0m
  
ActiveRecord::PendingMigrationError (

Migrations are pending. To resolve this issue, run:

        bin/rails db:migrate RAILS_ENV=development

):
  
activerecord (5.1.4) lib/active_record/migration.rb:576:in `check_pending!'
activerecord (5.1.4) lib/active_record/migration.rb:553:in `call'
actionpack (5.1.4) lib/action_dispatch/middleware/callbacks.rb:26:in `block in call'
activesupport (5.1.4) lib/active_support/callbacks.rb:97:in `run_callbacks'
actionpack (5.1.4) lib/action_dispatch/middleware/callbacks.rb:24:in `call'
actionpack (5.1.4) lib/action_dispatch/middleware/executor.rb:12:in `call'
actionpack (5.1.4) lib/action_dispatch/middleware/debug_exceptions.rb:59:in `call'
actionpack (5.1.4) lib/action_dispatch/middleware/show_exceptions.rb:31:in `call'
railties (5.1.4) lib/rails/rack/logger.rb:36:in `call_app'
railties (5.1.4) lib/rails/rack/logger.rb:24:in `block in call'
activesupport (5.1.4) lib/active_support/tagged_logging.rb:69:in `block in tagged'
activesupport (5.1.4) lib/active_support/tagged_logging.rb:26:in `tagged'
activesupport (5.1.4) lib/active_support/tagged_logging.rb:69:in `tagged'
railties (5.1.4) lib/rails/rack/logger.rb:24:in `call'
actionpack (5.1.4) lib/action_dispatch/middleware/remote_ip.rb:79:in `call'
actionpack (5.1.4) lib/action_dispatch/middleware/request_id.rb:25:in `call'
rack (2.0.3) lib/rack/runtime.rb:22:in `call'
activesupport (5.1.4) lib/active_support/cache/strategy/local_cache_middleware.rb:27:in `call'
actionpack (5.1.4) lib/action_dispatch/middleware/executor.rb:12:in `call'
actionpack (5.1.4) lib/action_dispatch/middleware/static.rb:125:in `call'
rack (2.0.3) lib/rack/sendfile.rb:111:in `call'
railties (5.1.4) lib/rails/engine.rb:522:in `call'
puma (3.11.0) lib/puma/configuration.rb:225:in `call'
puma (3.11.0) lib/puma/server.rb:624:in `handle_request'
puma (3.11.0) lib/puma/server.rb:438:in `process_client'
puma (3.11.0) lib/puma/server.rb:302:in `block in run'
puma (3.11.0) lib/puma/thread_pool.rb:120:in `block in spawn_thread'
Started GET "/favicon.ico" for 127.0.0.1 at 2017-12-06 18:10:57 +0200
  [1m[35m (0.2ms)[0m  [1m[34mSELECT "schema_migrations"."version" FROM "schema_migrations" ORDER BY "schema_migrations"."version" ASC[0m
  
ActiveRecord::PendingMigrationError (

Migrations are pending. To resolve this issue, run:

        bin/rails db:migrate RAILS_ENV=development

):
  
activerecord (5.1.4) lib/active_record/migration.rb:576:in `check_pending!'
activerecord (5.1.4) lib/active_record/migration.rb:553:in `call'
actionpack (5.1.4) lib/action_dispatch/middleware/callbacks.rb:26:in `block in call'
activesupport (5.1.4) lib/active_support/callbacks.rb:97:in `run_callbacks'
actionpack (5.1.4) lib/action_dispatch/middleware/callbacks.rb:24:in `call'
actionpack (5.1.4) lib/action_dispatch/middleware/executor.rb:12:in `call'
actionpack (5.1.4) lib/action_dispatch/middleware/debug_exceptions.rb:59:in `call'
actionpack (5.1.4) lib/action_dispatch/middleware/show_exceptions.rb:31:in `call'
railties (5.1.4) lib/rails/rack/logger.rb:36:in `call_app'
railties (5.1.4) lib/rails/rack/logger.rb:24:in `block in call'
activesupport (5.1.4) lib/active_support/tagged_logging.rb:69:in `block in tagged'
activesupport (5.1.4) lib/active_support/tagged_logging.rb:26:in `tagged'
activesupport (5.1.4) lib/active_support/tagged_logging.rb:69:in `tagged'
railties (5.1.4) lib/rails/rack/logger.rb:24:in `call'
actionpack (5.1.4) lib/action_dispatch/middleware/remote_ip.rb:79:in `call'
actionpack (5.1.4) lib/action_dispatch/middleware/request_id.rb:25:in `call'
rack (2.0.3) lib/rack/runtime.rb:22:in `call'
activesupport (5.1.4) lib/active_support/cache/strategy/local_cache_middleware.rb:27:in `call'
actionpack (5.1.4) lib/action_dispatch/middleware/executor.rb:12:in `call'
actionpack (5.1.4) lib/action_dispatch/middleware/static.rb:125:in `call'
rack (2.0.3) lib/rack/sendfile.rb:111:in `call'
railties (5.1.4) lib/rails/engine.rb:522:in `call'
puma (3.11.0) lib/puma/configuration.rb:225:in `call'
puma (3.11.0) lib/puma/server.rb:624:in `handle_request'
puma (3.11.0) lib/puma/server.rb:438:in `process_client'
puma (3.11.0) lib/puma/server.rb:302:in `block in run'
puma (3.11.0) lib/puma/thread_pool.rb:120:in `block in spawn_thread'
  [1m[35m (0.4ms)[0m  [1m[34mSELECT "schema_migrations"."version" FROM "schema_migrations" ORDER BY "schema_migrations"."version" ASC[0m
  [1m[35m (0.2ms)[0m  [1m[34mSELECT "schema_migrations"."version" FROM "schema_migrations" ORDER BY "schema_migrations"."version" ASC[0m
  [1m[35m (0.7ms)[0m  [1m[34mSELECT pg_try_advisory_lock(6417508730981339565)[0m
  [1m[35m (1.2ms)[0m  [1m[34mSELECT "schema_migrations"."version" FROM "schema_migrations" ORDER BY "schema_migrations"."version" ASC[0m
Migrating to CreateMovies (20171201145637)
  [1m[35m (0.4ms)[0m  [1m[35mBEGIN[0m
  [1m[35m (273.8ms)[0m  [1m[35mCREATE TABLE "movies" ("id" bigserial primary key, "imdbID" character varying, "imdbVotes" character varying, "imdbRating" decimal, "Title" character varying, "Language" character varying, "TagLine" character varying, "ReleaseDate" date, "Poster_file_name" character varying, "Poster_content_type" character varying, "Poster_file_size" integer, "Poster_updated_at" timestamp, "Adult" boolean, "Popularity" decimal, "Actors" character varying, "BoxOffice" character varying, "Country" character varying, "Director" character varying, "Metascore" decimal, "Plot" text, "Runtime" character varying, "Website" character varying, "Writer" character varying, "Year" integer, "production_company_id" bigint, "created_at" timestamp NOT NULL, "updated_at" timestamp NOT NULL)[0m
  [1m[35m (0.3ms)[0m  [1m[31mROLLBACK[0m
  [1m[35m (0.6ms)[0m  [1m[34mSELECT pg_advisory_unlock(6417508730981339565)[0m
  [1m[35m (0.4ms)[0m  [1m[34mSELECT "schema_migrations"."version" FROM "schema_migrations" ORDER BY "schema_migrations"."version" ASC[0m
  [1m[35m (99.0ms)[0m  [1m[34mSELECT "ar_internal_metadata"."value" FROM "ar_internal_metadata" WHERE "ar_internal_metadata"."key" = $1[0m  [["key", "environment"]]
  [1m[35m (0.7ms)[0m  [1m[34mSELECT "schema_migrations"."version" FROM "schema_migrations" ORDER BY "schema_migrations"."version" ASC[0m
  [1m[35m (0.6ms)[0m  [1m[34mSELECT "ar_internal_metadata"."value" FROM "ar_internal_metadata" WHERE "ar_internal_metadata"."key" = $1[0m  [["key", "environment"]]
  [1m[35m (0.7ms)[0m  [1m[34mSELECT "schema_migrations"."version" FROM "schema_migrations" ORDER BY "schema_migrations"."version" ASC[0m
  [1m[35m (0.5ms)[0m  [1m[34mSELECT "ar_internal_metadata"."value" FROM "ar_internal_metadata" WHERE "ar_internal_metadata"."key" = $1[0m  [["key", "environment"]]
  [1m[35m (576.6ms)[0m  [1m[35mDROP DATABASE IF EXISTS "faragni_dev"[0m
  [1m[35m (470.6ms)[0m  [1m[35mDROP DATABASE IF EXISTS "faragni_test"[0m
  [1m[35m (2106.8ms)[0m  [1m[35mCREATE DATABASE "faragni_dev" ENCODING = 'unicode'[0m
  [1m[35m (929.3ms)[0m  [1m[35mCREATE DATABASE "faragni_test" ENCODING = 'unicode'[0m
  [1m[35mSQL (0.4ms)[0m  [1m[35mCREATE EXTENSION IF NOT EXISTS "plpgsql"[0m
  [1m[35m (0.3ms)[0m  [1m[35mDROP TABLE IF EXISTS "movies" CASCADE[0m
  [1m[35m (191.9ms)[0m  [1m[35mCREATE TABLE "movies" ("id" bigserial primary key, "name" character varying, "created_at" timestamp NOT NULL, "updated_at" timestamp NOT NULL)[0m
  [1m[35m (1.0ms)[0m  [1m[35mDROP TABLE IF EXISTS "users" CASCADE[0m
  [1m[35m (140.1ms)[0m  [1m[35mCREATE TABLE "users" ("id" bigserial primary key, "first_name" character varying, "last_name" character varying, "date_of_birth" date, "username" character varying, "email" character varying, "created_at" timestamp NOT NULL, "updated_at" timestamp NOT NULL)[0m
  [1m[35m (85.7ms)[0m  [1m[35mCREATE UNIQUE INDEX  "index_users_on_username" ON "users"  ("username")[0m
  [1m[35m (178.5ms)[0m  [1m[35mCREATE TABLE "schema_migrations" ("version" character varying NOT NULL PRIMARY KEY)[0m
  [1m[35m (2.5ms)[0m  [1m[34mSELECT "schema_migrations"."version" FROM "schema_migrations" ORDER BY "schema_migrations"."version" ASC[0m
  [1m[35m (15.1ms)[0m  [1m[32mINSERT INTO "schema_migrations" (version) VALUES (20171128074925)[0m
  [1m[35m (10.2ms)[0m  [1m[32mINSERT INTO "schema_migrations" (version) VALUES
(20171126194504);

[0m
  [1m[35m (185.1ms)[0m  [1m[35mCREATE TABLE "ar_internal_metadata" ("key" character varying NOT NULL PRIMARY KEY, "value" character varying, "created_at" timestamp NOT NULL, "updated_at" timestamp NOT NULL)[0m
  [1m[36mActiveRecord::InternalMetadata Load (1.3ms)[0m  [1m[34mSELECT  "ar_internal_metadata".* FROM "ar_internal_metadata" WHERE "ar_internal_metadata"."key" = $1 LIMIT $2[0m  [["key", "environment"], ["LIMIT", 1]]
  [1m[35m (0.6ms)[0m  [1m[35mBEGIN[0m
  [1m[35mSQL (1.4ms)[0m  [1m[32mINSERT INTO "ar_internal_metadata" ("key", "value", "created_at", "updated_at") VALUES ($1, $2, $3, $4) RETURNING "key"[0m  [["key", "environment"], ["value", "development"], ["created_at", "2017-12-06 16:11:26.424570"], ["updated_at", "2017-12-06 16:11:26.424570"]]
  [1m[35m (9.0ms)[0m  [1m[35mCOMMIT[0m
  [1m[36mActiveRecord::InternalMetadata Load (0.5ms)[0m  [1m[34mSELECT  "ar_internal_metadata".* FROM "ar_internal_metadata" WHERE "ar_internal_metadata"."key" = $1 LIMIT $2[0m  [["key", "environment"], ["LIMIT", 1]]
  [1m[35m (0.3ms)[0m  [1m[35mBEGIN[0m
  [1m[35m (0.4ms)[0m  [1m[35mCOMMIT[0m
  [1m[35mSQL (0.2ms)[0m  [1m[35mCREATE EXTENSION IF NOT EXISTS "plpgsql"[0m
  [1m[35m (0.2ms)[0m  [1m[35mDROP TABLE IF EXISTS "movies" CASCADE[0m
  [1m[35m (173.1ms)[0m  [1m[35mCREATE TABLE "movies" ("id" bigserial primary key, "name" character varying, "created_at" timestamp NOT NULL, "updated_at" timestamp NOT NULL)[0m
  [1m[35m (0.7ms)[0m  [1m[35mDROP TABLE IF EXISTS "users" CASCADE[0m
  [1m[35m (196.5ms)[0m  [1m[35mCREATE TABLE "users" ("id" bigserial primary key, "first_name" character varying, "last_name" character varying, "date_of_birth" date, "username" character varying, "email" character varying, "created_at" timestamp NOT NULL, "updated_at" timestamp NOT NULL)[0m
  [1m[35m (102.1ms)[0m  [1m[35mCREATE UNIQUE INDEX  "index_users_on_username" ON "users"  ("username")[0m
  [1m[35m (174.0ms)[0m  [1m[35mCREATE TABLE "schema_migrations" ("version" character varying NOT NULL PRIMARY KEY)[0m
  [1m[35m (1.9ms)[0m  [1m[34mSELECT "schema_migrations"."version" FROM "schema_migrations" ORDER BY "schema_migrations"."version" ASC[0m
  [1m[35m (5.1ms)[0m  [1m[32mINSERT INTO "schema_migrations" (version) VALUES (20171128074925)[0m
  [1m[35m (10.4ms)[0m  [1m[32mINSERT INTO "schema_migrations" (version) VALUES
(20171126194504);

[0m
  [1m[35m (174.7ms)[0m  [1m[35mCREATE TABLE "ar_internal_metadata" ("key" character varying NOT NULL PRIMARY KEY, "value" character varying, "created_at" timestamp NOT NULL, "updated_at" timestamp NOT NULL)[0m
  [1m[36mActiveRecord::InternalMetadata Load (1.3ms)[0m  [1m[34mSELECT  "ar_internal_metadata".* FROM "ar_internal_metadata" WHERE "ar_internal_metadata"."key" = $1 LIMIT $2[0m  [["key", "environment"], ["LIMIT", 1]]
  [1m[35m (0.5ms)[0m  [1m[35mBEGIN[0m
  [1m[35mSQL (1.4ms)[0m  [1m[32mINSERT INTO "ar_internal_metadata" ("key", "value", "created_at", "updated_at") VALUES ($1, $2, $3, $4) RETURNING "key"[0m  [["key", "environment"], ["value", "development"], ["created_at", "2017-12-06 16:11:27.339042"], ["updated_at", "2017-12-06 16:11:27.339042"]]
  [1m[35m (7.0ms)[0m  [1m[35mCOMMIT[0m
  [1m[36mActiveRecord::InternalMetadata Load (0.9ms)[0m  [1m[34mSELECT  "ar_internal_metadata".* FROM "ar_internal_metadata" WHERE "ar_internal_metadata"."key" = $1 LIMIT $2[0m  [["key", "environment"], ["LIMIT", 1]]
  [1m[35m (0.5ms)[0m  [1m[35mBEGIN[0m
  [1m[35m (0.5ms)[0m  [1m[35mCOMMIT[0m
  [1m[35m (1.2ms)[0m  [1m[34mSELECT "schema_migrations"."version" FROM "schema_migrations" ORDER BY "schema_migrations"."version" ASC[0m
  [1m[35m (0.2ms)[0m  [1m[34mSELECT pg_try_advisory_lock(6417508730981339565)[0m
  [1m[35m (0.4ms)[0m  [1m[34mSELECT "schema_migrations"."version" FROM "schema_migrations" ORDER BY "schema_migrations"."version" ASC[0m
Migrating to CreateMovies (20171201145637)
  [1m[35m (0.1ms)[0m  [1m[35mBEGIN[0m
  [1m[35m (1.0ms)[0m  [1m[35mCREATE TABLE "movies" ("id" bigserial primary key, "imdbID" character varying, "imdbVotes" character varying, "imdbRating" decimal, "Title" character varying, "Language" character varying, "TagLine" character varying, "ReleaseDate" date, "Poster_file_name" character varying, "Poster_content_type" character varying, "Poster_file_size" integer, "Poster_updated_at" timestamp, "Adult" boolean, "Popularity" decimal, "Actors" character varying, "BoxOffice" character varying, "Country" character varying, "Director" character varying, "Metascore" decimal, "Plot" text, "Runtime" character varying, "Website" character varying, "Writer" character varying, "Year" integer, "production_company_id" bigint, "created_at" timestamp NOT NULL, "updated_at" timestamp NOT NULL)[0m
  [1m[35m (0.1ms)[0m  [1m[31mROLLBACK[0m
  [1m[35m (0.2ms)[0m  [1m[34mSELECT pg_advisory_unlock(6417508730981339565)[0m
  [1m[35m (0.4ms)[0m  [1m[34mSELECT "schema_migrations"."version" FROM "schema_migrations" ORDER BY "schema_migrations"."version" ASC[0m
  [1m[35m (0.2ms)[0m  [1m[34mSELECT "ar_internal_metadata"."value" FROM "ar_internal_metadata" WHERE "ar_internal_metadata"."key" = $1[0m  [["key", "environment"]]
  [1m[35m (0.2ms)[0m  [1m[34mSELECT "schema_migrations"."version" FROM "schema_migrations" ORDER BY "schema_migrations"."version" ASC[0m
  [1m[35m (0.1ms)[0m  [1m[34mSELECT "ar_internal_metadata"."value" FROM "ar_internal_metadata" WHERE "ar_internal_metadata"."key" = $1[0m  [["key", "environment"]]
  [1m[35m (0.1ms)[0m  [1m[34mSELECT "schema_migrations"."version" FROM "schema_migrations" ORDER BY "schema_migrations"."version" ASC[0m
  [1m[35m (0.2ms)[0m  [1m[34mSELECT "ar_internal_metadata"."value" FROM "ar_internal_metadata" WHERE "ar_internal_metadata"."key" = $1[0m  [["key", "environment"]]
  [1m[35m (1329.6ms)[0m  [1m[35mDROP DATABASE IF EXISTS "faragni_dev"[0m
  [1m[35m (432.7ms)[0m  [1m[35mDROP DATABASE IF EXISTS "faragni_test"[0m
  [1m[35mSQL (0.3ms)[0m  [1m[35mCREATE EXTENSION IF NOT EXISTS "plpgsql"[0m
  [1m[35m (0.2ms)[0m  [1m[35mDROP TABLE IF EXISTS "movies" CASCADE[0m
  [1m[35m (132.8ms)[0m  [1m[35mCREATE TABLE "movies" ("id" bigserial primary key, "name" character varying, "created_at" timestamp NOT NULL, "updated_at" timestamp NOT NULL)[0m
  [1m[35m (0.4ms)[0m  [1m[35mDROP TABLE IF EXISTS "users" CASCADE[0m
  [1m[35m (187.5ms)[0m  [1m[35mCREATE TABLE "users" ("id" bigserial primary key, "first_name" character varying, "last_name" character varying, "date_of_birth" date, "username" character varying, "email" character varying, "created_at" timestamp NOT NULL, "updated_at" timestamp NOT NULL)[0m
  [1m[35m (100.8ms)[0m  [1m[35mCREATE UNIQUE INDEX  "index_users_on_username" ON "users"  ("username")[0m
  [1m[35m (171.9ms)[0m  [1m[35mCREATE TABLE "schema_migrations" ("version" character varying NOT NULL PRIMARY KEY)[0m
  [1m[35m (0.7ms)[0m  [1m[34mSELECT "schema_migrations"."version" FROM "schema_migrations" ORDER BY "schema_migrations"."version" ASC[0m
  [1m[35m (13.2ms)[0m  [1m[32mINSERT INTO "schema_migrations" (version) VALUES (20171128074925)[0m
  [1m[35m (10.5ms)[0m  [1m[32mINSERT INTO "schema_migrations" (version) VALUES
(20171126194504);

[0m
  [1m[35m (157.3ms)[0m  [1m[35mCREATE TABLE "ar_internal_metadata" ("key" character varying NOT NULL PRIMARY KEY, "value" character varying, "created_at" timestamp NOT NULL, "updated_at" timestamp NOT NULL)[0m
  [1m[36mActiveRecord::InternalMetadata Load (1.3ms)[0m  [1m[34mSELECT  "ar_internal_metadata".* FROM "ar_internal_metadata" WHERE "ar_internal_metadata"."key" = $1 LIMIT $2[0m  [["key", "environment"], ["LIMIT", 1]]
  [1m[35m (0.3ms)[0m  [1m[35mBEGIN[0m
  [1m[35mSQL (0.5ms)[0m  [1m[32mINSERT INTO "ar_internal_metadata" ("key", "value", "created_at", "updated_at") VALUES ($1, $2, $3, $4) RETURNING "key"[0m  [["key", "environment"], ["value", "development"], ["created_at", "2017-12-06 16:11:59.754129"], ["updated_at", "2017-12-06 16:11:59.754129"]]
  [1m[35m (5.4ms)[0m  [1m[35mCOMMIT[0m
  [1m[36mActiveRecord::InternalMetadata Load (0.2ms)[0m  [1m[34mSELECT  "ar_internal_metadata".* FROM "ar_internal_metadata" WHERE "ar_internal_metadata"."key" = $1 LIMIT $2[0m  [["key", "environment"], ["LIMIT", 1]]
  [1m[35m (0.1ms)[0m  [1m[35mBEGIN[0m
  [1m[35m (0.1ms)[0m  [1m[35mCOMMIT[0m
  [1m[35mSQL (0.2ms)[0m  [1m[35mCREATE EXTENSION IF NOT EXISTS "plpgsql"[0m
  [1m[35m (0.2ms)[0m  [1m[35mDROP TABLE IF EXISTS "movies" CASCADE[0m
  [1m[35m (195.0ms)[0m  [1m[35mCREATE TABLE "movies" ("id" bigserial primary key, "name" character varying, "created_at" timestamp NOT NULL, "updated_at" timestamp NOT NULL)[0m
  [1m[35m (0.7ms)[0m  [1m[35mDROP TABLE IF EXISTS "users" CASCADE[0m
  [1m[35m (140.8ms)[0m  [1m[35mCREATE TABLE "users" ("id" bigserial primary key, "first_name" character varying, "last_name" character varying, "date_of_birth" date, "username" character varying, "email" character varying, "created_at" timestamp NOT NULL, "updated_at" timestamp NOT NULL)[0m
  [1m[35m (67.3ms)[0m  [1m[35mCREATE UNIQUE INDEX  "index_users_on_username" ON "users"  ("username")[0m
  [1m[35m (129.9ms)[0m  [1m[35mCREATE TABLE "schema_migrations" ("version" character varying NOT NULL PRIMARY KEY)[0m
  [1m[35m (1.9ms)[0m  [1m[34mSELECT "schema_migrations"."version" FROM "schema_migrations" ORDER BY "schema_migrations"."version" ASC[0m
  [1m[35m (15.1ms)[0m  [1m[32mINSERT INTO "schema_migrations" (version) VALUES (20171128074925)[0m
  [1m[35m (10.4ms)[0m  [1m[32mINSERT INTO "schema_migrations" (version) VALUES
(20171126194504);

[0m
  [1m[35m (128.1ms)[0m  [1m[35mCREATE TABLE "ar_internal_metadata" ("key" character varying NOT NULL PRIMARY KEY, "value" character varying, "created_at" timestamp NOT NULL, "updated_at" timestamp NOT NULL)[0m
  [1m[36mActiveRecord::InternalMetadata Load (1.1ms)[0m  [1m[34mSELECT  "ar_internal_metadata".* FROM "ar_internal_metadata" WHERE "ar_internal_metadata"."key" = $1 LIMIT $2[0m  [["key", "environment"], ["LIMIT", 1]]
  [1m[35m (0.4ms)[0m  [1m[35mBEGIN[0m
  [1m[35mSQL (1.4ms)[0m  [1m[32mINSERT INTO "ar_internal_metadata" ("key", "value", "created_at", "updated_at") VALUES ($1, $2, $3, $4) RETURNING "key"[0m  [["key", "environment"], ["value", "development"], ["created_at", "2017-12-06 16:12:00.506878"], ["updated_at", "2017-12-06 16:12:00.506878"]]
  [1m[35m (7.3ms)[0m  [1m[35mCOMMIT[0m
  [1m[36mActiveRecord::InternalMetadata Load (0.8ms)[0m  [1m[34mSELECT  "ar_internal_metadata".* FROM "ar_internal_metadata" WHERE "ar_internal_metadata"."key" = $1 LIMIT $2[0m  [["key", "environment"], ["LIMIT", 1]]
  [1m[35m (0.4ms)[0m  [1m[35mBEGIN[0m
  [1m[35m (0.6ms)[0m  [1m[35mCOMMIT[0m
  [1m[35m (0.9ms)[0m  [1m[34mSELECT "schema_migrations"."version" FROM "schema_migrations" ORDER BY "schema_migrations"."version" ASC[0m
  [1m[35m (0.4ms)[0m  [1m[34mSELECT "schema_migrations"."version" FROM "schema_migrations" ORDER BY "schema_migrations"."version" ASC[0m
  [1m[35m (0.3ms)[0m  [1m[34mSELECT "ar_internal_metadata"."value" FROM "ar_internal_metadata" WHERE "ar_internal_metadata"."key" = $1[0m  [["key", "environment"]]
  [1m[35m (0.2ms)[0m  [1m[34mSELECT "schema_migrations"."version" FROM "schema_migrations" ORDER BY "schema_migrations"."version" ASC[0m
  [1m[35m (0.1ms)[0m  [1m[34mSELECT "ar_internal_metadata"."value" FROM "ar_internal_metadata" WHERE "ar_internal_metadata"."key" = $1[0m  [["key", "environment"]]
  [1m[35m (0.2ms)[0m  [1m[34mSELECT "schema_migrations"."version" FROM "schema_migrations" ORDER BY "schema_migrations"."version" ASC[0m
  [1m[35m (0.2ms)[0m  [1m[34mSELECT "ar_internal_metadata"."value" FROM "ar_internal_metadata" WHERE "ar_internal_metadata"."key" = $1[0m  [["key", "environment"]]
  [1m[35mSQL (0.2ms)[0m  [1m[35mCREATE EXTENSION IF NOT EXISTS "plpgsql"[0m
  [1m[35m (10.6ms)[0m  [1m[35mDROP TABLE IF EXISTS "movies" CASCADE[0m
  [1m[35m (177.7ms)[0m  [1m[35mCREATE TABLE "movies" ("id" bigserial primary key, "name" character varying, "created_at" timestamp NOT NULL, "updated_at" timestamp NOT NULL)[0m
  [1m[35m (10.8ms)[0m  [1m[35mDROP TABLE IF EXISTS "users" CASCADE[0m
  [1m[35m (185.4ms)[0m  [1m[35mCREATE TABLE "users" ("id" bigserial primary key, "first_name" character varying, "last_name" character varying, "date_of_birth" date, "username" character varying, "email" character varying, "created_at" timestamp NOT NULL, "updated_at" timestamp NOT NULL)[0m
  [1m[35m (101.6ms)[0m  [1m[35mCREATE UNIQUE INDEX  "index_users_on_username" ON "users"  ("username")[0m
  [1m[35m (1.8ms)[0m  [1m[34mSELECT "schema_migrations"."version" FROM "schema_migrations" ORDER BY "schema_migrations"."version" ASC[0m
  [1m[36mActiveRecord::InternalMetadata Load (1.3ms)[0m  [1m[34mSELECT  "ar_internal_metadata".* FROM "ar_internal_metadata" WHERE "ar_internal_metadata"."key" = $1 LIMIT $2[0m  [["key", "environment"], ["LIMIT", 1]]
  [1m[35m (0.2ms)[0m  [1m[35mBEGIN[0m
  [1m[35m (0.2ms)[0m  [1m[35mCOMMIT[0m
  [1m[36mActiveRecord::InternalMetadata Load (0.3ms)[0m  [1m[34mSELECT  "ar_internal_metadata".* FROM "ar_internal_metadata" WHERE "ar_internal_metadata"."key" = $1 LIMIT $2[0m  [["key", "environment"], ["LIMIT", 1]]
  [1m[35m (0.1ms)[0m  [1m[35mBEGIN[0m
  [1m[35m (0.1ms)[0m  [1m[35mCOMMIT[0m
  [1m[35mSQL (0.2ms)[0m  [1m[35mCREATE EXTENSION IF NOT EXISTS "plpgsql"[0m
  [1m[35m (22.9ms)[0m  [1m[35mDROP TABLE IF EXISTS "movies" CASCADE[0m
  [1m[35m (154.4ms)[0m  [1m[35mCREATE TABLE "movies" ("id" bigserial primary key, "name" character varying, "created_at" timestamp NOT NULL, "updated_at" timestamp NOT NULL)[0m
  [1m[35m (10.5ms)[0m  [1m[35mDROP TABLE IF EXISTS "users" CASCADE[0m
  [1m[35m (152.6ms)[0m  [1m[35mCREATE TABLE "users" ("id" bigserial primary key, "first_name" character varying, "last_name" character varying, "date_of_birth" date, "username" character varying, "email" character varying, "created_at" timestamp NOT NULL, "updated_at" timestamp NOT NULL)[0m
  [1m[35m (101.4ms)[0m  [1m[35mCREATE UNIQUE INDEX  "index_users_on_username" ON "users"  ("username")[0m
  [1m[35m (2.6ms)[0m  [1m[34mSELECT "schema_migrations"."version" FROM "schema_migrations" ORDER BY "schema_migrations"."version" ASC[0m
  [1m[36mActiveRecord::InternalMetadata Load (1.7ms)[0m  [1m[34mSELECT  "ar_internal_metadata".* FROM "ar_internal_metadata" WHERE "ar_internal_metadata"."key" = $1 LIMIT $2[0m  [["key", "environment"], ["LIMIT", 1]]
  [1m[35m (0.7ms)[0m  [1m[35mBEGIN[0m
  [1m[35m (0.8ms)[0m  [1m[35mCOMMIT[0m
  [1m[36mActiveRecord::InternalMetadata Load (0.6ms)[0m  [1m[34mSELECT  "ar_internal_metadata".* FROM "ar_internal_metadata" WHERE "ar_internal_metadata"."key" = $1 LIMIT $2[0m  [["key", "environment"], ["LIMIT", 1]]
  [1m[35m (0.3ms)[0m  [1m[35mBEGIN[0m
  [1m[35m (0.6ms)[0m  [1m[35mCOMMIT[0m
  [1m[35m (1.9ms)[0m  [1m[34mSELECT "schema_migrations"."version" FROM "schema_migrations" ORDER BY "schema_migrations"."version" ASC[0m
  [1m[35m (0.4ms)[0m  [1m[34mSELECT "schema_migrations"."version" FROM "schema_migrations" ORDER BY "schema_migrations"."version" ASC[0m
  [1m[35m (0.2ms)[0m  [1m[34mSELECT "ar_internal_metadata"."value" FROM "ar_internal_metadata" WHERE "ar_internal_metadata"."key" = $1[0m  [["key", "environment"]]
  [1m[35m (0.2ms)[0m  [1m[34mSELECT "schema_migrations"."version" FROM "schema_migrations" ORDER BY "schema_migrations"."version" ASC[0m
  [1m[35m (0.1ms)[0m  [1m[34mSELECT "ar_internal_metadata"."value" FROM "ar_internal_metadata" WHERE "ar_internal_metadata"."key" = $1[0m  [["key", "environment"]]
  [1m[35m (0.2ms)[0m  [1m[34mSELECT "schema_migrations"."version" FROM "schema_migrations" ORDER BY "schema_migrations"."version" ASC[0m
  [1m[35m (0.1ms)[0m  [1m[34mSELECT "ar_internal_metadata"."value" FROM "ar_internal_metadata" WHERE "ar_internal_metadata"."key" = $1[0m  [["key", "environment"]]
  [1m[35m (1279.6ms)[0m  [1m[35mDROP DATABASE IF EXISTS "faragni_dev"[0m
  [1m[35m (425.4ms)[0m  [1m[35mDROP DATABASE IF EXISTS "faragni_test"[0m
  [1m[35m (923.3ms)[0m  [1m[35mCREATE DATABASE "faragni_dev" ENCODING = 'unicode'[0m
  [1m[35m (915.3ms)[0m  [1m[35mCREATE DATABASE "faragni_test" ENCODING = 'unicode'[0m
  [1m[35mSQL (0.3ms)[0m  [1m[35mCREATE EXTENSION IF NOT EXISTS "plpgsql"[0m
  [1m[35m (0.2ms)[0m  [1m[35mDROP TABLE IF EXISTS "movies" CASCADE[0m
  [1m[35m (200.4ms)[0m  [1m[35mCREATE TABLE "movies" ("id" bigserial primary key, "name" character varying, "created_at" timestamp NOT NULL, "updated_at" timestamp NOT NULL)[0m
  [1m[35m (0.8ms)[0m  [1m[35mDROP TABLE IF EXISTS "users" CASCADE[0m
  [1m[35m (129.3ms)[0m  [1m[35mCREATE TABLE "users" ("id" bigserial primary key, "first_name" character varying, "last_name" character varying, "date_of_birth" date, "username" character varying, "email" character varying, "created_at" timestamp NOT NULL, "updated_at" timestamp NOT NULL)[0m
  [1m[35m (68.8ms)[0m  [1m[35mCREATE UNIQUE INDEX  "index_users_on_username" ON "users"  ("username")[0m
  [1m[35m (140.8ms)[0m  [1m[35mCREATE TABLE "schema_migrations" ("version" character varying NOT NULL PRIMARY KEY)[0m
  [1m[35m (2.6ms)[0m  [1m[34mSELECT "schema_migrations"."version" FROM "schema_migrations" ORDER BY "schema_migrations"."version" ASC[0m
  [1m[35m (14.9ms)[0m  [1m[32mINSERT INTO "schema_migrations" (version) VALUES (20171128074925)[0m
  [1m[35m (10.3ms)[0m  [1m[32mINSERT INTO "schema_migrations" (version) VALUES
(20171126194504);

[0m
  [1m[35m (151.5ms)[0m  [1m[35mCREATE TABLE "ar_internal_metadata" ("key" character varying NOT NULL PRIMARY KEY, "value" character varying, "created_at" timestamp NOT NULL, "updated_at" timestamp NOT NULL)[0m
  [1m[36mActiveRecord::InternalMetadata Load (1.2ms)[0m  [1m[34mSELECT  "ar_internal_metadata".* FROM "ar_internal_metadata" WHERE "ar_internal_metadata"."key" = $1 LIMIT $2[0m  [["key", "environment"], ["LIMIT", 1]]
  [1m[35m (0.3ms)[0m  [1m[35mBEGIN[0m
  [1m[35mSQL (0.5ms)[0m  [1m[32mINSERT INTO "ar_internal_metadata" ("key", "value", "created_at", "updated_at") VALUES ($1, $2, $3, $4) RETURNING "key"[0m  [["key", "environment"], ["value", "development"], ["created_at", "2017-12-06 16:14:09.133252"], ["updated_at", "2017-12-06 16:14:09.133252"]]
  [1m[35m (12.2ms)[0m  [1m[35mCOMMIT[0m
  [1m[36mActiveRecord::InternalMetadata Load (0.3ms)[0m  [1m[34mSELECT  "ar_internal_metadata".* FROM "ar_internal_metadata" WHERE "ar_internal_metadata"."key" = $1 LIMIT $2[0m  [["key", "environment"], ["LIMIT", 1]]
  [1m[35m (0.1ms)[0m  [1m[35mBEGIN[0m
  [1m[35m (0.1ms)[0m  [1m[35mCOMMIT[0m
  [1m[35mSQL (0.2ms)[0m  [1m[35mCREATE EXTENSION IF NOT EXISTS "plpgsql"[0m
  [1m[35m (0.3ms)[0m  [1m[35mDROP TABLE IF EXISTS "movies" CASCADE[0m
  [1m[35m (160.4ms)[0m  [1m[35mCREATE TABLE "movies" ("id" bigserial primary key, "name" character varying, "created_at" timestamp NOT NULL, "updated_at" timestamp NOT NULL)[0m
  [1m[35m (0.8ms)[0m  [1m[35mDROP TABLE IF EXISTS "users" CASCADE[0m
  [1m[35m (197.9ms)[0m  [1m[35mCREATE TABLE "users" ("id" bigserial primary key, "first_name" character varying, "last_name" character varying, "date_of_birth" date, "username" character varying, "email" character varying, "created_at" timestamp NOT NULL, "updated_at" timestamp NOT NULL)[0m
  [1m[35m (91.5ms)[0m  [1m[35mCREATE UNIQUE INDEX  "index_users_on_username" ON "users"  ("username")[0m
  [1m[35m (151.5ms)[0m  [1m[35mCREATE TABLE "schema_migrations" ("version" character varying NOT NULL PRIMARY KEY)[0m
  [1m[35m (2.0ms)[0m  [1m[34mSELECT "schema_migrations"."version" FROM "schema_migrations" ORDER BY "schema_migrations"."version" ASC[0m
  [1m[35m (5.2ms)[0m  [1m[32mINSERT INTO "schema_migrations" (version) VALUES (20171128074925)[0m
  [1m[35m (10.7ms)[0m  [1m[32mINSERT INTO "schema_migrations" (version) VALUES
(20171126194504);

[0m
  [1m[35m (207.6ms)[0m  [1m[35mCREATE TABLE "ar_internal_metadata" ("key" character varying NOT NULL PRIMARY KEY, "value" character varying, "created_at" timestamp NOT NULL, "updated_at" timestamp NOT NULL)[0m
  [1m[36mActiveRecord::InternalMetadata Load (1.1ms)[0m  [1m[34mSELECT  "ar_internal_metadata".* FROM "ar_internal_metadata" WHERE "ar_internal_metadata"."key" = $1 LIMIT $2[0m  [["key", "environment"], ["LIMIT", 1]]
  [1m[35m (0.4ms)[0m  [1m[35mBEGIN[0m
  [1m[35mSQL (1.3ms)[0m  [1m[32mINSERT INTO "ar_internal_metadata" ("key", "value", "created_at", "updated_at") VALUES ($1, $2, $3, $4) RETURNING "key"[0m  [["key", "environment"], ["value", "development"], ["created_at", "2017-12-06 16:14:10.024943"], ["updated_at", "2017-12-06 16:14:10.024943"]]
  [1m[35m (9.2ms)[0m  [1m[35mCOMMIT[0m
  [1m[36mActiveRecord::InternalMetadata Load (1.2ms)[0m  [1m[34mSELECT  "ar_internal_metadata".* FROM "ar_internal_metadata" WHERE "ar_internal_metadata"."key" = $1 LIMIT $2[0m  [["key", "environment"], ["LIMIT", 1]]
  [1m[35m (1.8ms)[0m  [1m[35mBEGIN[0m
  [1m[35m (0.7ms)[0m  [1m[35mCOMMIT[0m
  [1m[35m (0.6ms)[0m  [1m[34mSELECT "schema_migrations"."version" FROM "schema_migrations" ORDER BY "schema_migrations"."version" ASC[0m
  [1m[35m (0.4ms)[0m  [1m[34mSELECT "schema_migrations"."version" FROM "schema_migrations" ORDER BY "schema_migrations"."version" ASC[0m
  [1m[35m (0.2ms)[0m  [1m[34mSELECT "ar_internal_metadata"."value" FROM "ar_internal_metadata" WHERE "ar_internal_metadata"."key" = $1[0m  [["key", "environment"]]
  [1m[35m (0.3ms)[0m  [1m[34mSELECT "schema_migrations"."version" FROM "schema_migrations" ORDER BY "schema_migrations"."version" ASC[0m
  [1m[35m (0.1ms)[0m  [1m[34mSELECT "ar_internal_metadata"."value" FROM "ar_internal_metadata" WHERE "ar_internal_metadata"."key" = $1[0m  [["key", "environment"]]
  [1m[35m (0.1ms)[0m  [1m[34mSELECT "schema_migrations"."version" FROM "schema_migrations" ORDER BY "schema_migrations"."version" ASC[0m
  [1m[35m (0.1ms)[0m  [1m[34mSELECT "ar_internal_metadata"."value" FROM "ar_internal_metadata" WHERE "ar_internal_metadata"."key" = $1[0m  [["key", "environment"]]
  [1m[35m (1139.2ms)[0m  [1m[35mDROP DATABASE IF EXISTS "faragni_dev"[0m
  [1m[35m (440.0ms)[0m  [1m[35mDROP DATABASE IF EXISTS "faragni_test"[0m
  [1m[35m (1102.2ms)[0m  [1m[35mCREATE DATABASE "faragni_dev" ENCODING = 'unicode'[0m
  [1m[35m (1268.1ms)[0m  [1m[35mCREATE DATABASE "faragni_test" ENCODING = 'unicode'[0m
  [1m[35m (192.2ms)[0m  [1m[35mCREATE TABLE "schema_migrations" ("version" character varying NOT NULL PRIMARY KEY)[0m
  [1m[35m (242.9ms)[0m  [1m[35mCREATE TABLE "ar_internal_metadata" ("key" character varying NOT NULL PRIMARY KEY, "value" character varying, "created_at" timestamp NOT NULL, "updated_at" timestamp NOT NULL)[0m
  [1m[35m (0.8ms)[0m  [1m[34mSELECT pg_try_advisory_lock(6417508730981339565)[0m
  [1m[35m (1.7ms)[0m  [1m[34mSELECT "schema_migrations"."version" FROM "schema_migrations" ORDER BY "schema_migrations"."version" ASC[0m
Migrating to CreateUsers (20171126194504)
  [1m[35m (0.5ms)[0m  [1m[35mBEGIN[0m
  [1m[35m (238.6ms)[0m  [1m[35mCREATE TABLE "users" ("id" bigserial primary key, "FirstName" character varying, "LastMame" character varying, "DateOfBirth" date, "UserName" character varying NOT NULL, "Email" character varying NOT NULL, "password_digest" character varying, "JoiningDate" date DEFAULT CURRENT_TIMESTAMP NOT NULL, "created_at" timestamp NOT NULL, "updated_at" timestamp NOT NULL)[0m
  [1m[35m (58.1ms)[0m  [1m[35mCREATE UNIQUE INDEX  "index_users_on_UserName" ON "users"  ("UserName")[0m
  [1m[35m (61.4ms)[0m  [1m[35mCREATE UNIQUE INDEX  "index_users_on_Email" ON "users"  ("Email")[0m
  [1m[35mSQL (1.1ms)[0m  [1m[32mINSERT INTO "schema_migrations" ("version") VALUES ($1) RETURNING "version"[0m  [["version", "20171126194504"]]
  [1m[35m (16.4ms)[0m  [1m[35mCOMMIT[0m
Migrating to CreateMovies (20171201145637)
  [1m[35m (0.2ms)[0m  [1m[35mBEGIN[0m
  [1m[35m (180.8ms)[0m  [1m[35mCREATE TABLE "movies" ("id" bigserial primary key, "imdbID" character varying, "imdbVotes" character varying, "imdbRating" decimal, "Title" character varying, "Language" character varying, "TagLine" character varying, "ReleaseDate" date, "Poster_file_name" character varying, "Poster_content_type" character varying, "Poster_file_size" integer, "Poster_updated_at" timestamp, "Adult" boolean, "Popularity" decimal, "Actors" character varying, "BoxOffice" character varying, "Country" character varying, "Director" character varying, "Metascore" decimal, "Plot" text, "Runtime" character varying, "Website" character varying, "Writer" character varying, "Year" integer, "production_company_id" bigint, "created_at" timestamp NOT NULL, "updated_at" timestamp NOT NULL)[0m
  [1m[35m (70.5ms)[0m  [1m[35mCREATE  INDEX  "index_movies_on_production_company_id" ON "movies"  ("production_company_id")[0m
  [1m[35mSQL (0.9ms)[0m  [1m[32mINSERT INTO "schema_migrations" ("version") VALUES ($1) RETURNING "version"[0m  [["version", "20171201145637"]]
  [1m[35m (5.5ms)[0m  [1m[35mCOMMIT[0m
Migrating to CreateProductionCompanies (20171201151812)
  [1m[35m (0.7ms)[0m  [1m[35mBEGIN[0m
  [1m[35m (144.9ms)[0m  [1m[35mCREATE TABLE "production_companies" ("id" bigserial primary key, "company_name" character varying, "description" text, "headquarters" character varying, "created_at" timestamp NOT NULL, "updated_at" timestamp NOT NULL)[0m
  [1m[35mSQL (1.0ms)[0m  [1m[32mINSERT INTO "schema_migrations" ("version") VALUES ($1) RETURNING "version"[0m  [["version", "20171201151812"]]
  [1m[35m (21.0ms)[0m  [1m[35mCOMMIT[0m
Migrating to CreateGenres (20171201152303)
  [1m[35m (0.7ms)[0m  [1m[35mBEGIN[0m
  [1m[35m (156.4ms)[0m  [1m[35mCREATE TABLE "genres" ("id" bigserial primary key, "name" character varying, "created_at" timestamp NOT NULL, "updated_at" timestamp NOT NULL)[0m
  [1m[35mSQL (1.0ms)[0m  [1m[32mINSERT INTO "schema_migrations" ("version") VALUES ($1) RETURNING "version"[0m  [["version", "20171201152303"]]
  [1m[35m (20.3ms)[0m  [1m[35mCOMMIT[0m
Migrating to CreateCastMembers (20171201152644)
  [1m[35m (0.6ms)[0m  [1m[35mBEGIN[0m
  [1m[35m (157.4ms)[0m  [1m[35mCREATE TABLE "cast_members" ("id" bigserial primary key, "first_name" character varying, "last_name" character varying, "age" integer, "popularity" decimal, "date_of_birth" timestamp, "date_of_death" timestamp, "biography" text, "created_at" timestamp NOT NULL, "updated_at" timestamp NOT NULL)[0m
  [1m[35mSQL (0.2ms)[0m  [1m[32mINSERT INTO "schema_migrations" ("version") VALUES ($1) RETURNING "version"[0m  [["version", "20171201152644"]]
  [1m[35m (24.3ms)[0m  [1m[35mCOMMIT[0m
Migrating to CreateAwards (20171201154331)
  [1m[35m (0.2ms)[0m  [1m[35mBEGIN[0m
  [1m[35m (187.3ms)[0m  [1m[35mCREATE TABLE "awards" ("id" bigserial primary key, "name" character varying, "description" text, "year" integer, "created_at" timestamp NOT NULL, "updated_at" timestamp NOT NULL)[0m
  [1m[35mSQL (1.0ms)[0m  [1m[32mINSERT INTO "schema_migrations" ("version") VALUES ($1) RETURNING "version"[0m  [["version", "20171201154331"]]
  [1m[35m (5.3ms)[0m  [1m[35mCOMMIT[0m
Migrating to CreateJobs (20171201155350)
  [1m[35m (1.1ms)[0m  [1m[35mBEGIN[0m
  [1m[35m (146.6ms)[0m  [1m[35mCREATE TABLE "jobs" ("id" bigserial primary key, "name" character varying, "description" text, "created_at" timestamp NOT NULL, "updated_at" timestamp NOT NULL)[0m
  [1m[35mSQL (1.0ms)[0m  [1m[32mINSERT INTO "schema_migrations" ("version") VALUES ($1) RETURNING "version"[0m  [["version", "20171201155350"]]
  [1m[35m (18.6ms)[0m  [1m[35mCOMMIT[0m
Migrating to CreateTags (20171201155641)
  [1m[35m (0.5ms)[0m  [1m[35mBEGIN[0m
  [1m[35m (138.9ms)[0m  [1m[35mCREATE TABLE "tags" ("id" bigserial primary key, "name" character varying, "created_at" timestamp NOT NULL, "updated_at" timestamp NOT NULL)[0m
  [1m[35mSQL (1.0ms)[0m  [1m[32mINSERT INTO "schema_migrations" ("version") VALUES ($1) RETURNING "version"[0m  [["version", "20171201155641"]]
  [1m[35m (17.9ms)[0m  [1m[35mCOMMIT[0m
Migrating to CreateMoviesTagsJoinTable (20171201160915)
  [1m[35m (0.7ms)[0m  [1m[35mBEGIN[0m
  [1m[35m (2.8ms)[0m  [1m[35mCREATE TABLE "movies_tags" ("movie_id" bigint NOT NULL, "tag_id" bigint NOT NULL)[0m
  [1m[35m (107.2ms)[0m  [1m[35mCREATE  INDEX  "index_movies_tags_on_movie_id" ON "movies_tags"  ("movie_id")[0m
  [1m[35m (80.5ms)[0m  [1m[35mCREATE  INDEX  "index_movies_tags_on_tag_id" ON "movies_tags"  ("tag_id")[0m
  [1m[35mSQL (1.5ms)[0m  [1m[32mINSERT INTO "schema_migrations" ("version") VALUES ($1) RETURNING "version"[0m  [["version", "20171201160915"]]
  [1m[35m (28.0ms)[0m  [1m[35mCOMMIT[0m
Migrating to CreateMovieCasts (20171201161713)
  [1m[35m (1.1ms)[0m  [1m[35mBEGIN[0m
  [1m[35m (183.3ms)[0m  [1m[35mCREATE TABLE "movie_casts" ("id" bigserial primary key, "movie_id" bigint, "cast_member_id" bigint, "job_id" bigint, "role" character varying, "created_at" timestamp NOT NULL, "updated_at" timestamp NOT NULL)[0m
  [1m[35m (92.4ms)[0m  [1m[35mCREATE  INDEX  "index_movie_casts_on_movie_id" ON "movie_casts"  ("movie_id")[0m
  [1m[35m (93.6ms)[0m  [1m[35mCREATE  INDEX  "index_movie_casts_on_cast_member_id" ON "movie_casts"  ("cast_member_id")[0m
  [1m[35m (60.5ms)[0m  [1m[35mCREATE  INDEX  "index_movie_casts_on_job_id" ON "movie_casts"  ("job_id")[0m
  [1m[35mSQL (1.0ms)[0m  [1m[32mINSERT INTO "schema_migrations" ("version") VALUES ($1) RETURNING "version"[0m  [["version", "20171201161713"]]
  [1m[35m (27.8ms)[0m  [1m[35mCOMMIT[0m
Migrating to CreateMoviesGenresJoinTable (20171201162218)
  [1m[35m (0.9ms)[0m  [1m[35mBEGIN[0m
  [1m[35m (3.6ms)[0m  [1m[35mCREATE TABLE "genres_movies" ("movie_id" bigint NOT NULL, "genre_id" bigint NOT NULL)[0m
  [1m[35m (83.4ms)[0m  [1m[35mCREATE  INDEX  "index_genres_movies_on_movie_id" ON "genres_movies"  ("movie_id")[0m
  [1m[35m (104.9ms)[0m  [1m[35mCREATE  INDEX  "index_genres_movies_on_genre_id" ON "genres_movies"  ("genre_id")[0m
  [1m[35mSQL (1.1ms)[0m  [1m[32mINSERT INTO "schema_migrations" ("version") VALUES ($1) RETURNING "version"[0m  [["version", "20171201162218"]]
  [1m[35m (23.8ms)[0m  [1m[35mCOMMIT[0m
Migrating to CreateMoviesCastAwardsJoinTable (20171201163145)
  [1m[35m (0.7ms)[0m  [1m[35mBEGIN[0m
  [1m[35m (3.4ms)[0m  [1m[35mCREATE TABLE "awards_winners" ("movie_cast_id" bigint NOT NULL, "award_id" bigint NOT NULL)[0m
  [1m[35m (131.0ms)[0m  [1m[35mCREATE  INDEX  "index_awards_winners_on_movie_cast_id" ON "awards_winners"  ("movie_cast_id")[0m
  [1m[35m (84.3ms)[0m  [1m[35mCREATE  INDEX  "index_awards_winners_on_award_id" ON "awards_winners"  ("award_id")[0m
  [1m[35mSQL (1.0ms)[0m  [1m[32mINSERT INTO "schema_migrations" ("version") VALUES ($1) RETURNING "version"[0m  [["version", "20171201163145"]]
  [1m[35m (37.0ms)[0m  [1m[35mCOMMIT[0m
  [1m[36mActiveRecord::InternalMetadata Load (1.2ms)[0m  [1m[34mSELECT  "ar_internal_metadata".* FROM "ar_internal_metadata" WHERE "ar_internal_metadata"."key" = $1 LIMIT $2[0m  [["key", "environment"], ["LIMIT", 1]]
  [1m[35m (0.3ms)[0m  [1m[35mBEGIN[0m
  [1m[35mSQL (0.8ms)[0m  [1m[32mINSERT INTO "ar_internal_metadata" ("key", "value", "created_at", "updated_at") VALUES ($1, $2, $3, $4) RETURNING "key"[0m  [["key", "environment"], ["value", "development"], ["created_at", "2017-12-06 16:16:00.945159"], ["updated_at", "2017-12-06 16:16:00.945159"]]
  [1m[35m (11.6ms)[0m  [1m[35mCOMMIT[0m
  [1m[35m (0.4ms)[0m  [1m[34mSELECT pg_advisory_unlock(6417508730981339565)[0m
  [1m[35m (0.4ms)[0m  [1m[34mSELECT "schema_migrations"."version" FROM "schema_migrations" ORDER BY "schema_migrations"."version" ASC[0m
Started GET "/api/movies" for 127.0.0.1 at 2017-12-06 18:16:13 +0200
  [1m[35m (0.4ms)[0m  [1m[34mSELECT "schema_migrations"."version" FROM "schema_migrations" ORDER BY "schema_migrations"."version" ASC[0m
  
ActionController::RoutingError (No route matches [GET] "/api/movies"):
  
actionpack (5.1.4) lib/action_dispatch/middleware/debug_exceptions.rb:63:in `call'
actionpack (5.1.4) lib/action_dispatch/middleware/show_exceptions.rb:31:in `call'
railties (5.1.4) lib/rails/rack/logger.rb:36:in `call_app'
railties (5.1.4) lib/rails/rack/logger.rb:24:in `block in call'
activesupport (5.1.4) lib/active_support/tagged_logging.rb:69:in `block in tagged'
activesupport (5.1.4) lib/active_support/tagged_logging.rb:26:in `tagged'
activesupport (5.1.4) lib/active_support/tagged_logging.rb:69:in `tagged'
railties (5.1.4) lib/rails/rack/logger.rb:24:in `call'
actionpack (5.1.4) lib/action_dispatch/middleware/remote_ip.rb:79:in `call'
actionpack (5.1.4) lib/action_dispatch/middleware/request_id.rb:25:in `call'
rack (2.0.3) lib/rack/runtime.rb:22:in `call'
activesupport (5.1.4) lib/active_support/cache/strategy/local_cache_middleware.rb:27:in `call'
actionpack (5.1.4) lib/action_dispatch/middleware/executor.rb:12:in `call'
actionpack (5.1.4) lib/action_dispatch/middleware/static.rb:125:in `call'
rack (2.0.3) lib/rack/sendfile.rb:111:in `call'
railties (5.1.4) lib/rails/engine.rb:522:in `call'
puma (3.11.0) lib/puma/configuration.rb:225:in `call'
puma (3.11.0) lib/puma/server.rb:624:in `handle_request'
puma (3.11.0) lib/puma/server.rb:438:in `process_client'
puma (3.11.0) lib/puma/server.rb:302:in `block in run'
puma (3.11.0) lib/puma/thread_pool.rb:120:in `block in spawn_thread'
Started GET "/favicon.ico" for 127.0.0.1 at 2017-12-06 18:16:14 +0200
  
ActionController::RoutingError (No route matches [GET] "/favicon.ico"):
  
actionpack (5.1.4) lib/action_dispatch/middleware/debug_exceptions.rb:63:in `call'
actionpack (5.1.4) lib/action_dispatch/middleware/show_exceptions.rb:31:in `call'
railties (5.1.4) lib/rails/rack/logger.rb:36:in `call_app'
railties (5.1.4) lib/rails/rack/logger.rb:24:in `block in call'
activesupport (5.1.4) lib/active_support/tagged_logging.rb:69:in `block in tagged'
activesupport (5.1.4) lib/active_support/tagged_logging.rb:26:in `tagged'
activesupport (5.1.4) lib/active_support/tagged_logging.rb:69:in `tagged'
railties (5.1.4) lib/rails/rack/logger.rb:24:in `call'
actionpack (5.1.4) lib/action_dispatch/middleware/remote_ip.rb:79:in `call'
actionpack (5.1.4) lib/action_dispatch/middleware/request_id.rb:25:in `call'
rack (2.0.3) lib/rack/runtime.rb:22:in `call'
activesupport (5.1.4) lib/active_support/cache/strategy/local_cache_middleware.rb:27:in `call'
actionpack (5.1.4) lib/action_dispatch/middleware/executor.rb:12:in `call'
actionpack (5.1.4) lib/action_dispatch/middleware/static.rb:125:in `call'
rack (2.0.3) lib/rack/sendfile.rb:111:in `call'
railties (5.1.4) lib/rails/engine.rb:522:in `call'
puma (3.11.0) lib/puma/configuration.rb:225:in `call'
puma (3.11.0) lib/puma/server.rb:624:in `handle_request'
puma (3.11.0) lib/puma/server.rb:438:in `process_client'
puma (3.11.0) lib/puma/server.rb:302:in `block in run'
puma (3.11.0) lib/puma/thread_pool.rb:120:in `block in spawn_thread'
Started GET "/api/movies/" for 127.0.0.1 at 2017-12-06 18:16:37 +0200
  
ActionController::RoutingError (No route matches [GET] "/api/movies"):
  
actionpack (5.1.4) lib/action_dispatch/middleware/debug_exceptions.rb:63:in `call'
actionpack (5.1.4) lib/action_dispatch/middleware/show_exceptions.rb:31:in `call'
railties (5.1.4) lib/rails/rack/logger.rb:36:in `call_app'
railties (5.1.4) lib/rails/rack/logger.rb:24:in `block in call'
activesupport (5.1.4) lib/active_support/tagged_logging.rb:69:in `block in tagged'
activesupport (5.1.4) lib/active_support/tagged_logging.rb:26:in `tagged'
activesupport (5.1.4) lib/active_support/tagged_logging.rb:69:in `tagged'
railties (5.1.4) lib/rails/rack/logger.rb:24:in `call'
actionpack (5.1.4) lib/action_dispatch/middleware/remote_ip.rb:79:in `call'
actionpack (5.1.4) lib/action_dispatch/middleware/request_id.rb:25:in `call'
rack (2.0.3) lib/rack/runtime.rb:22:in `call'
activesupport (5.1.4) lib/active_support/cache/strategy/local_cache_middleware.rb:27:in `call'
actionpack (5.1.4) lib/action_dispatch/middleware/executor.rb:12:in `call'
actionpack (5.1.4) lib/action_dispatch/middleware/static.rb:125:in `call'
rack (2.0.3) lib/rack/sendfile.rb:111:in `call'
railties (5.1.4) lib/rails/engine.rb:522:in `call'
puma (3.11.0) lib/puma/configuration.rb:225:in `call'
puma (3.11.0) lib/puma/server.rb:624:in `handle_request'
puma (3.11.0) lib/puma/server.rb:438:in `process_client'
puma (3.11.0) lib/puma/server.rb:302:in `block in run'
puma (3.11.0) lib/puma/thread_pool.rb:120:in `block in spawn_thread'
Started GET "/api/movies" for 127.0.0.1 at 2017-12-06 18:17:11 +0200
  [1m[35m (0.5ms)[0m  [1m[34mSELECT "schema_migrations"."version" FROM "schema_migrations" ORDER BY "schema_migrations"."version" ASC[0m
Processing by MoviesController#index as HTML
Completed 500 Internal Server Error in 84ms (ActiveRecord: 2.1ms)


  
NameError (undefined local variable or method `through' for #<Class:0x007fa9fcaf9a30>
Did you mean?  throw):
  
app/models/movie.rb:7:in `<class:Movie>'
app/models/movie.rb:1:in `<top (required)>'
app/controllers/movies_controller.rb:6:in `index'
Started GET "/api/movies" for 127.0.0.1 at 2017-12-06 18:18:39 +0200
Processing by MoviesController#index as HTML
Completed 500 Internal Server Error in 35ms (ActiveRecord: 0.0ms)


  
NoMethodError (undefined method `before_avatar_post_process' for #<Class:0x007fa9fc6cb2b0>
Did you mean?  before_post_process
               before_poster_post_process):
  
app/models/movie.rb:10:in `<class:Movie>'
app/models/movie.rb:1:in `<top (required)>'
app/controllers/movies_controller.rb:6:in `index'
Started GET "/api/movies" for 127.0.0.1 at 2017-12-06 18:19:13 +0200
Processing by MoviesController#index as HTML
  [1m[36mMovie Load (0.4ms)[0m  [1m[34mSELECT "movies".* FROM "movies"[0m
Completed 200 OK in 11ms (Views: 1.6ms | ActiveRecord: 0.4ms)


Started POST "/api/movies" for 127.0.0.1 at 2017-12-06 18:20:33 +0200
Processing by MoviesController#create as */*
Completed 400 Bad Request in 0ms (ActiveRecord: 0.0ms)


  
ActionController::ParameterMissing (param is missing or the value is empty: movie):
  
app/controllers/movies_controller.rb:52:in `movie_params'
app/controllers/movies_controller.rb:18:in `create'
Started POST "/api/movies" for 127.0.0.1 at 2017-12-06 18:20:56 +0200
Processing by MoviesController#create as */*
Completed 400 Bad Request in 0ms (ActiveRecord: 0.0ms)


  
ActionController::ParameterMissing (param is missing or the value is empty: movie):
  
app/controllers/movies_controller.rb:52:in `movie_params'
app/controllers/movies_controller.rb:18:in `create'
Started POST "/api/movies" for 127.0.0.1 at 2017-12-06 18:22:47 +0200
Error occurred while parsing request parameters.
Contents:

{
	movie: {
		imdbID: "fsfs",
		imdbVotes: 3,
		Title: "fsfsfs"
	}
}
  
ActionDispatch::Http::Parameters::ParseError (743: unexpected token at '{
	movie: {
		imdbID: "fsfs",
		imdbVotes: 3,
		Title: "fsfsfs"
	}
}'):
  
actionpack (5.1.4) lib/action_dispatch/http/parameters.rb:115:in `rescue in parse_formatted_parameters'
actionpack (5.1.4) lib/action_dispatch/http/parameters.rb:109:in `parse_formatted_parameters'
actionpack (5.1.4) lib/action_dispatch/http/request.rb:361:in `block in POST'
rack (2.0.3) lib/rack/request.rb:57:in `fetch'
rack (2.0.3) lib/rack/request.rb:57:in `fetch_header'
actionpack (5.1.4) lib/action_dispatch/http/request.rb:360:in `POST'
actionpack (5.1.4) lib/action_controller/metal/params_wrapper.rb:286:in `_wrapper_enabled?'
actionpack (5.1.4) lib/action_controller/metal/params_wrapper.rb:235:in `process_action'
activerecord (5.1.4) lib/active_record/railties/controller_runtime.rb:22:in `process_action'
actionpack (5.1.4) lib/abstract_controller/base.rb:124:in `process'
actionview (5.1.4) lib/action_view/rendering.rb:30:in `process'
actionpack (5.1.4) lib/action_controller/metal.rb:189:in `dispatch'
actionpack (5.1.4) lib/action_controller/metal.rb:253:in `dispatch'
actionpack (5.1.4) lib/action_dispatch/routing/route_set.rb:49:in `dispatch'
actionpack (5.1.4) lib/action_dispatch/routing/route_set.rb:31:in `serve'
actionpack (5.1.4) lib/action_dispatch/journey/router.rb:50:in `block in serve'
actionpack (5.1.4) lib/action_dispatch/journey/router.rb:33:in `each'
actionpack (5.1.4) lib/action_dispatch/journey/router.rb:33:in `serve'
actionpack (5.1.4) lib/action_dispatch/routing/route_set.rb:834:in `call'
rack (2.0.3) lib/rack/etag.rb:25:in `call'
rack (2.0.3) lib/rack/conditional_get.rb:38:in `call'
rack (2.0.3) lib/rack/head.rb:12:in `call'
activerecord (5.1.4) lib/active_record/migration.rb:556:in `call'
actionpack (5.1.4) lib/action_dispatch/middleware/callbacks.rb:26:in `block in call'
activesupport (5.1.4) lib/active_support/callbacks.rb:97:in `run_callbacks'
actionpack (5.1.4) lib/action_dispatch/middleware/callbacks.rb:24:in `call'
actionpack (5.1.4) lib/action_dispatch/middleware/executor.rb:12:in `call'
actionpack (5.1.4) lib/action_dispatch/middleware/debug_exceptions.rb:59:in `call'
actionpack (5.1.4) lib/action_dispatch/middleware/show_exceptions.rb:31:in `call'
railties (5.1.4) lib/rails/rack/logger.rb:36:in `call_app'
railties (5.1.4) lib/rails/rack/logger.rb:24:in `block in call'
activesupport (5.1.4) lib/active_support/tagged_logging.rb:69:in `block in tagged'
activesupport (5.1.4) lib/active_support/tagged_logging.rb:26:in `tagged'
activesupport (5.1.4) lib/active_support/tagged_logging.rb:69:in `tagged'
railties (5.1.4) lib/rails/rack/logger.rb:24:in `call'
actionpack (5.1.4) lib/action_dispatch/middleware/remote_ip.rb:79:in `call'
actionpack (5.1.4) lib/action_dispatch/middleware/request_id.rb:25:in `call'
rack (2.0.3) lib/rack/runtime.rb:22:in `call'
activesupport (5.1.4) lib/active_support/cache/strategy/local_cache_middleware.rb:27:in `call'
actionpack (5.1.4) lib/action_dispatch/middleware/executor.rb:12:in `call'
actionpack (5.1.4) lib/action_dispatch/middleware/static.rb:125:in `call'
rack (2.0.3) lib/rack/sendfile.rb:111:in `call'
railties (5.1.4) lib/rails/engine.rb:522:in `call'
puma (3.11.0) lib/puma/configuration.rb:225:in `call'
puma (3.11.0) lib/puma/server.rb:624:in `handle_request'
puma (3.11.0) lib/puma/server.rb:438:in `process_client'
puma (3.11.0) lib/puma/server.rb:302:in `block in run'
puma (3.11.0) lib/puma/thread_pool.rb:120:in `block in spawn_thread'
Started POST "/api/movies" for 127.0.0.1 at 2017-12-06 18:23:19 +0200
Error occurred while parsing request parameters.
Contents:

{
	movie: {
		"imdbID": "fsfs",
		"imdbVotes": 3,
		"Title": "fsfsfs"
	}
}
  
ActionDispatch::Http::Parameters::ParseError (743: unexpected token at '{
	movie: {
		"imdbID": "fsfs",
		"imdbVotes": 3,
		"Title": "fsfsfs"
	}
}'):
  
actionpack (5.1.4) lib/action_dispatch/http/parameters.rb:115:in `rescue in parse_formatted_parameters'
actionpack (5.1.4) lib/action_dispatch/http/parameters.rb:109:in `parse_formatted_parameters'
actionpack (5.1.4) lib/action_dispatch/http/request.rb:361:in `block in POST'
rack (2.0.3) lib/rack/request.rb:57:in `fetch'
rack (2.0.3) lib/rack/request.rb:57:in `fetch_header'
actionpack (5.1.4) lib/action_dispatch/http/request.rb:360:in `POST'
actionpack (5.1.4) lib/action_controller/metal/params_wrapper.rb:286:in `_wrapper_enabled?'
actionpack (5.1.4) lib/action_controller/metal/params_wrapper.rb:235:in `process_action'
activerecord (5.1.4) lib/active_record/railties/controller_runtime.rb:22:in `process_action'
actionpack (5.1.4) lib/abstract_controller/base.rb:124:in `process'
actionview (5.1.4) lib/action_view/rendering.rb:30:in `process'
actionpack (5.1.4) lib/action_controller/metal.rb:189:in `dispatch'
actionpack (5.1.4) lib/action_controller/metal.rb:253:in `dispatch'
actionpack (5.1.4) lib/action_dispatch/routing/route_set.rb:49:in `dispatch'
actionpack (5.1.4) lib/action_dispatch/routing/route_set.rb:31:in `serve'
actionpack (5.1.4) lib/action_dispatch/journey/router.rb:50:in `block in serve'
actionpack (5.1.4) lib/action_dispatch/journey/router.rb:33:in `each'
actionpack (5.1.4) lib/action_dispatch/journey/router.rb:33:in `serve'
actionpack (5.1.4) lib/action_dispatch/routing/route_set.rb:834:in `call'
rack (2.0.3) lib/rack/etag.rb:25:in `call'
rack (2.0.3) lib/rack/conditional_get.rb:38:in `call'
rack (2.0.3) lib/rack/head.rb:12:in `call'
activerecord (5.1.4) lib/active_record/migration.rb:556:in `call'
actionpack (5.1.4) lib/action_dispatch/middleware/callbacks.rb:26:in `block in call'
activesupport (5.1.4) lib/active_support/callbacks.rb:97:in `run_callbacks'
actionpack (5.1.4) lib/action_dispatch/middleware/callbacks.rb:24:in `call'
actionpack (5.1.4) lib/action_dispatch/middleware/executor.rb:12:in `call'
actionpack (5.1.4) lib/action_dispatch/middleware/debug_exceptions.rb:59:in `call'
actionpack (5.1.4) lib/action_dispatch/middleware/show_exceptions.rb:31:in `call'
railties (5.1.4) lib/rails/rack/logger.rb:36:in `call_app'
railties (5.1.4) lib/rails/rack/logger.rb:24:in `block in call'
activesupport (5.1.4) lib/active_support/tagged_logging.rb:69:in `block in tagged'
activesupport (5.1.4) lib/active_support/tagged_logging.rb:26:in `tagged'
activesupport (5.1.4) lib/active_support/tagged_logging.rb:69:in `tagged'
railties (5.1.4) lib/rails/rack/logger.rb:24:in `call'
actionpack (5.1.4) lib/action_dispatch/middleware/remote_ip.rb:79:in `call'
actionpack (5.1.4) lib/action_dispatch/middleware/request_id.rb:25:in `call'
rack (2.0.3) lib/rack/runtime.rb:22:in `call'
activesupport (5.1.4) lib/active_support/cache/strategy/local_cache_middleware.rb:27:in `call'
actionpack (5.1.4) lib/action_dispatch/middleware/executor.rb:12:in `call'
actionpack (5.1.4) lib/action_dispatch/middleware/static.rb:125:in `call'
rack (2.0.3) lib/rack/sendfile.rb:111:in `call'
railties (5.1.4) lib/rails/engine.rb:522:in `call'
puma (3.11.0) lib/puma/configuration.rb:225:in `call'
puma (3.11.0) lib/puma/server.rb:624:in `handle_request'
puma (3.11.0) lib/puma/server.rb:438:in `process_client'
puma (3.11.0) lib/puma/server.rb:302:in `block in run'
puma (3.11.0) lib/puma/thread_pool.rb:120:in `block in spawn_thread'
Started POST "/api/movies" for 127.0.0.1 at 2017-12-06 18:24:40 +0200
Processing by MoviesController#create as */*
  Parameters: {"movie"=>{"imdbID"=>"fsfs", "imdbVotes"=>3, "Title"=>"fsfsfs"}}
  [1m[35m (0.1ms)[0m  [1m[35mBEGIN[0m
  [1m[35m (0.1ms)[0m  [1m[31mROLLBACK[0m
Completed 500 Internal Server Error in 196392ms (ActiveRecord: 13.7ms)


  
Paperclip::Error (Movie model missing required attr_accessor for 'poster_file_name'):
  
app/models/movie.rb:20:in `parse_image'
app/controllers/movies_controller.rb:20:in `create'
Started POST "/api/movies" for 127.0.0.1 at 2017-12-06 18:28:34 +0200
Processing by MoviesController#create as */*
  Parameters: {"movie"=>{"imdbID"=>"fsfs", "imdbVotes"=>3, "Title"=>"fsfsfs"}}
  [1m[35m (0.2ms)[0m  [1m[35mBEGIN[0m
  [1m[35m (0.1ms)[0m  [1m[31mROLLBACK[0m
Completed 500 Internal Server Error in 6883ms (ActiveRecord: 15.1ms)


  
Paperclip::Error (Movie model missing required attr_accessor for 'poster_file_name'):
  
app/models/movie.rb:20:in `parse_image'
app/controllers/movies_controller.rb:20:in `create'
Started POST "/api/movies" for 127.0.0.1 at 2017-12-06 18:31:05 +0200
Processing by MoviesController#create as */*
  Parameters: {"movie"=>{"imdbID"=>"fsfs", "imdbVotes"=>3, "Title"=>"fsfsfs", "Genres"=>["Romance", "Action", "Porn"]}}
Unpermitted parameter: :Genres
  [1m[35m (0.1ms)[0m  [1m[35mBEGIN[0m
  [1m[35m (0.2ms)[0m  [1m[31mROLLBACK[0m
Completed 500 Internal Server Error in 22ms (ActiveRecord: 0.3ms)


  
Paperclip::Error (Movie model missing required attr_accessor for 'poster_file_name'):
  
app/models/movie.rb:20:in `parse_image'
app/controllers/movies_controller.rb:20:in `create'
Started POST "/api/movies" for 127.0.0.1 at 2017-12-06 18:31:12 +0200
Processing by MoviesController#create as */*
  Parameters: {"movie"=>{"imdbID"=>"fsfs", "imdbVotes"=>3, "Title"=>"fsfsfs", "Genres"=>["Romance", "Action", "Porn"]}}
Unpermitted parameter: :Genres
  [1m[35m (0.1ms)[0m  [1m[35mBEGIN[0m
  [1m[35m (0.5ms)[0m  [1m[31mROLLBACK[0m
Completed 500 Internal Server Error in 3ms (ActiveRecord: 0.6ms)


  
Paperclip::Error (Movie model missing required attr_accessor for 'poster_file_name'):
  
app/models/movie.rb:20:in `parse_image'
app/controllers/movies_controller.rb:20:in `create'
Started POST "/api/movies" for 127.0.0.1 at 2017-12-06 18:31:29 +0200
  [1m[35m (0.5ms)[0m  [1m[34mSELECT "schema_migrations"."version" FROM "schema_migrations" ORDER BY "schema_migrations"."version" ASC[0m
Processing by MoviesController#create as */*
  Parameters: {"movie"=>{"imdbID"=>"fsfs", "imdbVotes"=>3, "Title"=>"fsfsfs", "Genres"=>["Romance", "Action", "Porn"]}}
Unpermitted parameter: :Genres
  [1m[35m (0.1ms)[0m  [1m[35mBEGIN[0m
  [1m[35m (0.1ms)[0m  [1m[31mROLLBACK[0m
Completed 500 Internal Server Error in 36ms (ActiveRecord: 3.5ms)


  
Paperclip::Error (Movie model missing required attr_accessor for 'poster_file_name'):
  
app/models/movie.rb:20:in `parse_image'
app/controllers/movies_controller.rb:20:in `create'
Started POST "/api/movies" for 127.0.0.1 at 2017-12-06 18:31:47 +0200
Processing by MoviesController#create as */*
  Parameters: {"movie"=>{"imdbID"=>"fsfs", "imdbVotes"=>3, "Title"=>"fsfsfs", "Genres"=>["Romance", "Action", "Porn"], "poster"=>""}}
Unpermitted parameters: :Genres, :poster
  [1m[35m (0.1ms)[0m  [1m[35mBEGIN[0m
  [1m[35m (0.1ms)[0m  [1m[31mROLLBACK[0m
Completed 500 Internal Server Error in 10ms (ActiveRecord: 3.3ms)


  
Paperclip::Error (Movie model missing required attr_accessor for 'poster_file_name'):
  
app/models/movie.rb:20:in `parse_image'
app/controllers/movies_controller.rb:20:in `create'
Started POST "/api/movies" for 127.0.0.1 at 2017-12-06 18:32:42 +0200
Processing by MoviesController#create as */*
  Parameters: {"movie"=>{"imdbID"=>"fsfs", "imdbVotes"=>3, "Title"=>"fsfsfs", "Genres"=>["Romance", "Action", "Porn"], "poster"=>""}}
Unpermitted parameters: :Genres, :poster
  [1m[35m (0.1ms)[0m  [1m[35mBEGIN[0m
  [1m[35m (5.9ms)[0m  [1m[31mROLLBACK[0m
Completed 500 Internal Server Error in 40564ms (ActiveRecord: 6.0ms)


  
Paperclip::Error (Movie model missing required attr_accessor for 'poster_file_name'):
  
app/models/movie.rb:21:in `parse_image'
app/controllers/movies_controller.rb:20:in `create'
Started POST "/api/movies" for 127.0.0.1 at 2017-12-06 18:33:38 +0200
  [1m[35m (0.4ms)[0m  [1m[34mSELECT "schema_migrations"."version" FROM "schema_migrations" ORDER BY "schema_migrations"."version" ASC[0m
Processing by MoviesController#create as */*
  Parameters: {"movie"=>{"imdbID"=>"fsfs", "imdbVotes"=>3, "Title"=>"fsfsfs", "Genres"=>["Romance", "Action", "Porn"], "poster"=>""}}
Unpermitted parameters: :Genres, :poster
  [1m[35m (0.1ms)[0m  [1m[35mBEGIN[0m
  [1m[35m (0.4ms)[0m  [1m[31mROLLBACK[0m
Completed 500 Internal Server Error in 43ms (ActiveRecord: 3.1ms)


  
NoMethodError (undefined method `poster=' for #<Movie:0x000000022e2be0>
Did you mean?  Poster=
               Poster
               Poster?):
  
app/models/movie.rb:20:in `parse_image'
app/controllers/movies_controller.rb:20:in `create'
Started POST "/api/movies" for 127.0.0.1 at 2017-12-06 18:34:03 +0200
Processing by MoviesController#create as */*
  Parameters: {"movie"=>{"imdbID"=>"fsfs", "imdbVotes"=>3, "Title"=>"fsfsfs", "Genres"=>["Romance", "Action", "Porn"], "poster"=>""}}
Unpermitted parameters: :Genres, :poster
  [1m[35m (0.4ms)[0m  [1m[35mBEGIN[0m
  [1m[35m (0.5ms)[0m  [1m[31mROLLBACK[0m
Completed 422 Unprocessable Entity in 138ms (Views: 0.8ms | ActiveRecord: 0.9ms)


  [1m[36mGenre Load (1.4ms)[0m  [1m[34mSELECT  "genres".* FROM "genres" WHERE "genres"."id" = $1 LIMIT $2[0m  [["id", 1], ["LIMIT", 1]]
  [1m[35m (0.3ms)[0m  [1m[35mBEGIN[0m
  [1m[35mSQL (0.8ms)[0m  [1m[32mINSERT INTO "genres" ("id", "created_at", "updated_at") VALUES ($1, $2, $3) RETURNING "id"[0m  [["id", 1], ["created_at", "2017-12-06 16:36:57.721573"], ["updated_at", "2017-12-06 16:36:57.721573"]]
  [1m[35m (33.9ms)[0m  [1m[35mCOMMIT[0m
  [1m[36mMovie Load (1.7ms)[0m  [1m[34mSELECT  "movies".* FROM "movies" ORDER BY "movies"."id" ASC LIMIT $1[0m  [["LIMIT", 1]]
  [1m[36mMovie Load (1.2ms)[0m  [1m[34mSELECT  "movies".* FROM "movies" ORDER BY "movies"."id" ASC LIMIT $1[0m  [["LIMIT", 1]]
  [1m[36mMovie Load (0.8ms)[0m  [1m[34mSELECT  "movies".* FROM "movies" LIMIT $1[0m  [["LIMIT", 11]]
  [1m[36mGenre Load (0.9ms)[0m  [1m[34mSELECT  "genres".* FROM "genres" WHERE "genres"."id" = $1 LIMIT $2[0m  [["id", 1], ["LIMIT", 1]]
  [1m[36mGenre Load (1.0ms)[0m  [1m[34mSELECT  "genres".* FROM "genres" WHERE "genres"."id" = $1 LIMIT $2[0m  [["id", 1], ["LIMIT", 1]]
  [1m[35m (0.6ms)[0m  [1m[35mBEGIN[0m
  [1m[35m (0.2ms)[0m  [1m[31mROLLBACK[0m
  [1m[35m (0.5ms)[0m  [1m[35mBEGIN[0m
  [1m[35m (0.6ms)[0m  [1m[31mROLLBACK[0m
  [1m[36mGenre Load (0.3ms)[0m  [1m[34mSELECT  "genres".* FROM "genres" WHERE "genres"."id" = $1 LIMIT $2[0m  [["id", 1], ["LIMIT", 1]]
  [1m[36mProductionCompany Load (0.2ms)[0m  [1m[34mSELECT  "production_companies".* FROM "production_companies" WHERE "production_companies"."id" = $1 LIMIT $2[0m  [["id", 1], ["LIMIT", 1]]
  [1m[35m (0.1ms)[0m  [1m[35mBEGIN[0m
  [1m[35mSQL (0.3ms)[0m  [1m[32mINSERT INTO "production_companies" ("id", "created_at", "updated_at") VALUES ($1, $2, $3) RETURNING "id"[0m  [["id", 1], ["created_at", "2017-12-06 16:38:35.266189"], ["updated_at", "2017-12-06 16:38:35.266189"]]
  [1m[35m (26.8ms)[0m  [1m[35mCOMMIT[0m
  [1m[35m (0.5ms)[0m  [1m[35mBEGIN[0m
  [1m[35m (0.6ms)[0m  [1m[31mROLLBACK[0m
  [1m[36mGenre Load (0.4ms)[0m  [1m[34mSELECT  "genres".* FROM "genres" WHERE "genres"."id" = $1 LIMIT $2[0m  [["id", 1], ["LIMIT", 1]]
  [1m[36mProductionCompany Load (0.3ms)[0m  [1m[34mSELECT  "production_companies".* FROM "production_companies" WHERE "production_companies"."id" = $1 LIMIT $2[0m  [["id", 1], ["LIMIT", 1]]
  [1m[35m (0.5ms)[0m  [1m[35mBEGIN[0m
  [1m[35m (0.6ms)[0m  [1m[31mROLLBACK[0m
  [1m[36mProductionCompany Load (1.1ms)[0m  [1m[34mSELECT  "production_companies".* FROM "production_companies" WHERE "production_companies"."id" = $1 LIMIT $2[0m  [["id", 1], ["LIMIT", 1]]
  [1m[35m (0.6ms)[0m  [1m[35mBEGIN[0m
  [1m[35m (0.6ms)[0m  [1m[35mCOMMIT[0m
  [1m[36mGenre Load (1.4ms)[0m  [1m[34mSELECT  "genres".* FROM "genres" WHERE "genres"."id" = $1 LIMIT $2[0m  [["id", 1], ["LIMIT", 1]]
  [1m[36mProductionCompany Load (1.0ms)[0m  [1m[34mSELECT  "production_companies".* FROM "production_companies" WHERE "production_companies"."id" = $1 LIMIT $2[0m  [["id", 1], ["LIMIT", 1]]
